#
# There is insufficient memory for the Java Runtime Environment to continue.
# Native memory allocation (malloc) failed to allocate 1566096 bytes for Chunk::new
# Possible reasons:
#   The system is out of physical RAM or swap space
#   The process is running with CompressedOops enabled, and the Java Heap may be blocking the growth of the native heap
# Possible solutions:
#   Reduce memory load on the system
#   Increase physical memory or swap space
#   Check if swap backing store is full
#   Decrease Java heap size (-Xmx/-Xms)
#   Decrease number of Java threads
#   Decrease Java thread stack sizes (-Xss)
#   Set larger code cache with -XX:ReservedCodeCacheSize=
#   JVM is running with Unscaled Compressed Oops mode in which the Java heap is
#     placed in the first 4GB address space. The Java Heap base address is the
#     maximum limit for the native heap growth. Please use -XX:HeapBaseMinAddress
#     to set the Java Heap base and to place the Java Heap above 4GB virtual address.
# This output file may be truncated or incomplete.
#
#  Out of Memory Error (t:/workspace/open/src/hotspot/share/memory/arena.cpp:197), pid=11036, tid=17384
#
# JRE version: Java(TM) SE Runtime Environment (12.0.1+12) (build 12.0.1+12)
# Java VM: Java HotSpot(TM) 64-Bit Server VM (12.0.1+12, mixed mode, sharing, tiered, compressed oops, g1 gc, windows-amd64)
# No core dump will be written. Minidumps are not enabled by default on client versions of Windows
#

---------------  S U M M A R Y ------------

Command Line: --add-opens=java.base/java.util=ALL-UNNAMED --add-opens=java.base/java.lang=ALL-UNNAMED --add-opens=java.base/java.lang.invoke=ALL-UNNAMED --add-opens=java.prefs/java.util.prefs=ALL-UNNAMED -XX:MaxMetaspaceSize=256m -XX:+HeapDumpOnOutOfMemoryError -Xms256m -Xmx512m -Dfile.encoding=windows-1252 -Duser.country=US -Duser.language=en -Duser.variant org.gradle.launcher.daemon.bootstrap.GradleDaemon 5.4-20190318164016+0000

Host: Intel(R) Core(TM) i5-8350U CPU @ 1.70GHz, 8 cores, 7G,  Windows 10 , 64 bit Build 18890 (10.0.18890.1000)
Time: Sat May  4 21:50:00 2019 Central Daylight Time elapsed time: 38 seconds (0d 0h 0m 38s)

---------------  T H R E A D  ---------------

Current thread (0x0000029737f7d800):  JavaThread "C2 CompilerThread1" daemon [_thread_in_native, id=17384, stack(0x000000fe46b00000,0x000000fe46c00000)]


Current CompileTask:
C2:  38148 5675 %     4       org.gradle.internal.instantiation.AbstractClassGenerator::inspectType @ 107 (559 bytes)

Stack: [0x000000fe46b00000,0x000000fe46c00000]
Native frames: (J=compiled Java code, j=interpreted, Vv=VM code, C=native code)
V  [bcryptPrimitives.dll+0x63948a]
V  [combase.dll+0x78b31f]
V  [jvm.dll+0x78c9c1]
V  [jvm.dll+0x78d013]
V  [jvm.dll+0x262138]
V  [jvm.dll+0xc582c]
V  [WINMMBASE.dll+0xc5dac]
V  [jvm.dll+0x3796a7]
V  [jvm.dll+0x1aeff0]
V  [jvm.dll+0x21c142]
V  [jvm.dll+0x21b20a]
V  [jvm.dll+0x199890]
V  [jvm.dll+0x22a534]
V  [jvm.dll+0x228b88]
V  [jvm.dll+0x74f660]
V  [jvm.dll+0x748648]
V  [jvm.dll+0x638566]
C  [ucrtbase.dll+0x20912]
C  [KERNEL32.DLL+0x5bb4]
C  [ntdll.dll+0x59ee1]


---------------  P R O C E S S  ---------------

Threads class SMR info:
_java_thread_list=0x0000029737e7c020, length=39, elements={
0x00000297185da000, 0x0000029733a3b000, 0x0000029733a3e000, 0x0000029733a60000,
0x0000029733a61000, 0x0000029733a63800, 0x0000029733a67000, 0x0000029733a68800,
0x00000297344ac800, 0x00000297344d6000, 0x0000029735bbd800, 0x0000029734bf3000,
0x000002973564e800, 0x0000029734e07800, 0x0000029734e08800, 0x00000297354b6800,
0x0000029735e03800, 0x0000029735e04800, 0x0000029734f1c000, 0x0000029734f1c800,
0x0000029735c1c800, 0x0000029735c22000, 0x0000029735c1e800, 0x0000029735c1f800,
0x0000029735c1d000, 0x0000029735c1e000, 0x0000029735c21000, 0x0000029737f80800,
0x0000029737f7f000, 0x0000029737f7b800, 0x0000029737f81800, 0x0000029737f80000,
0x0000029737f82800, 0x0000029737f7c800, 0x0000029737f7e000, 0x0000029737f83000,
0x0000029737f7d800, 0x0000029737f89800, 0x0000029737f89000
}

Java Threads: ( => current thread )
  0x00000297185da000 JavaThread "main" [_thread_blocked, id=17028, stack(0x000000fe43700000,0x000000fe43800000)]
  0x0000029733a3b000 JavaThread "Reference Handler" daemon [_thread_blocked, id=17368, stack(0x000000fe43e00000,0x000000fe43f00000)]
  0x0000029733a3e000 JavaThread "Finalizer" daemon [_thread_blocked, id=10692, stack(0x000000fe43f00000,0x000000fe44000000)]
  0x0000029733a60000 JavaThread "Signal Dispatcher" daemon [_thread_blocked, id=14612, stack(0x000000fe44000000,0x000000fe44100000)]
  0x0000029733a61000 JavaThread "Attach Listener" daemon [_thread_blocked, id=8460, stack(0x000000fe44100000,0x000000fe44200000)]
  0x0000029733a63800 JavaThread "C2 CompilerThread0" daemon [_thread_in_native, id=17400, stack(0x000000fe44200000,0x000000fe44300000)]
  0x0000029733a67000 JavaThread "C1 CompilerThread0" daemon [_thread_blocked, id=8264, stack(0x000000fe44300000,0x000000fe44400000)]
  0x0000029733a68800 JavaThread "Sweeper thread" daemon [_thread_blocked, id=17604, stack(0x000000fe44400000,0x000000fe44500000)]
  0x00000297344ac800 JavaThread "Common-Cleaner" daemon [_thread_blocked, id=16068, stack(0x000000fe44500000,0x000000fe44600000)]
  0x00000297344d6000 JavaThread "Service Thread" daemon [_thread_blocked, id=18876, stack(0x000000fe44600000,0x000000fe44700000)]
  0x0000029735bbd800 JavaThread "Daemon health stats" [_thread_blocked, id=12148, stack(0x000000fe44f00000,0x000000fe45000000)]
  0x0000029734bf3000 JavaThread "Incoming local TCP Connector on port 64145" [_thread_in_native, id=10616, stack(0x000000fe44800000,0x000000fe44900000)]
  0x000002973564e800 JavaThread "Daemon periodic checks" [_thread_blocked, id=6240, stack(0x000000fe44900000,0x000000fe44a00000)]
  0x0000029734e07800 JavaThread "Daemon" [_thread_blocked, id=12628, stack(0x000000fe45000000,0x000000fe45100000)]
  0x0000029734e08800 JavaThread "Handler for socket connection from /127.0.0.1:64145 to /127.0.0.1:64146" [_thread_in_native, id=12616, stack(0x000000fe45100000,0x000000fe45200000)]
  0x00000297354b6800 JavaThread "Cancel handler" [_thread_blocked, id=2816, stack(0x000000fe45200000,0x000000fe45300000)]
  0x0000029735e03800 JavaThread "Daemon worker" [_thread_blocked, id=5736, stack(0x000000fe45300000,0x000000fe45400000)]
  0x0000029735e04800 JavaThread "Asynchronous log dispatcher for DefaultDaemonConnection: socket connection from /127.0.0.1:64145 to /127.0.0.1:64146" [_thread_blocked, id=6216, stack(0x000000fe45400000,0x000000fe45500000)]
  0x0000029734f1c000 JavaThread "Stdin handler" [_thread_blocked, id=17196, stack(0x000000fe45500000,0x000000fe45600000)]
  0x0000029734f1c800 JavaThread "Thread-8" [_thread_blocked, id=10052, stack(0x000000fe45600000,0x000000fe45700000)]
  0x0000029735c1c800 JavaThread "Cache worker for file hash cache (C:\Users\Dwayne Ewens\.gradle\caches\5.4-20190318164016+0000\fileHashes)" [_thread_blocked, id=11480, stack(0x000000fe45700000,0x000000fe45800000)]
  0x0000029735c22000 JavaThread "File lock request listener" [_thread_in_native, id=19796, stack(0x000000fe45800000,0x000000fe45900000)]
  0x0000029735c1e800 JavaThread "Cache worker for journal cache (C:\Users\Dwayne Ewens\.gradle\caches\journal-1)" [_thread_blocked, id=10648, stack(0x000000fe45900000,0x000000fe45a00000)]
  0x0000029735c1f800 JavaThread "Cache worker for file hash cache (C:\Users\Dwayne Ewens\Documents\GitHub\Wifi-Fixer\.gradle\5.4-20190318164016+0000\fileHashes)" [_thread_blocked, id=6944, stack(0x000000fe45b00000,0x000000fe45c00000)]
  0x0000029735c1d000 JavaThread "Cache worker for cache directory md-supplier (C:\Users\Dwayne Ewens\.gradle\caches\5.4-20190318164016+0000\md-supplier)" [_thread_blocked, id=2492, stack(0x000000fe46000000,0x000000fe46100000)]
  0x0000029735c1e000 JavaThread "Cache worker for cache directory md-rule (C:\Users\Dwayne Ewens\.gradle\caches\5.4-20190318164016+0000\md-rule)" [_thread_blocked, id=13860, stack(0x000000fe46100000,0x000000fe46200000)]
  0x0000029735c21000 JavaThread "Cache worker for execution history cache (C:\Users\Dwayne Ewens\.gradle\caches\5.4-20190318164016+0000\executionHistory)" [_thread_in_Java, id=15980, stack(0x000000fe46200000,0x000000fe46300000)]
  0x0000029737f80800 JavaThread "Build operations" [_thread_blocked, id=15672, stack(0x000000fe46300000,0x000000fe46400000)]
  0x0000029737f7f000 JavaThread "Build operations Thread 2" [_thread_blocked, id=19304, stack(0x000000fe46400000,0x000000fe46500000)]
  0x0000029737f7b800 JavaThread "Build operations Thread 3" [_thread_blocked, id=15252, stack(0x000000fe46500000,0x000000fe46600000)]
  0x0000029737f81800 JavaThread "Build operations Thread 4" [_thread_blocked, id=15168, stack(0x000000fe46600000,0x000000fe46700000)]
  0x0000029737f80000 JavaThread "Build operations Thread 5" [_thread_blocked, id=7864, stack(0x000000fe46700000,0x000000fe46800000)]
  0x0000029737f82800 JavaThread "Build operations Thread 6" [_thread_blocked, id=7008, stack(0x000000fe46800000,0x000000fe46900000)]
  0x0000029737f7c800 JavaThread "Build operations Thread 7" [_thread_blocked, id=11204, stack(0x000000fe46900000,0x000000fe46a00000)]
  0x0000029737f7e000 JavaThread "Build operations Thread 8" [_thread_blocked, id=8620, stack(0x000000fe46a00000,0x000000fe46b00000)]
  0x0000029737f83000 JavaThread "pool-1-thread-1" [_thread_blocked, id=17132, stack(0x000000fe45a00000,0x000000fe45b00000)]
=>0x0000029737f7d800 JavaThread "C2 CompilerThread1" daemon [_thread_in_native, id=17384, stack(0x000000fe46b00000,0x000000fe46c00000)]
  0x0000029737f89800 JavaThread "Cache worker for Build Output Cleanup Cache (C:\Users\Dwayne Ewens\Documents\GitHub\Wifi-Fixer\.gradle\buildOutputCleanup)" [_thread_blocked, id=14436, stack(0x000000fe46c00000,0x000000fe46d00000)]
  0x0000029737f89000 JavaThread "Memory manager" [_thread_blocked, id=10252, stack(0x000000fe46d00000,0x000000fe46e00000)]

Other Threads:
  0x0000029733a37800 VMThread "VM Thread" [stack: 0x000000fe43d00000,0x000000fe43e00000] [id=9728]
  0x00000297344d7800 WatcherThread [stack: 0x000000fe44700000,0x000000fe44800000] [id=7292]
  0x0000029718600000 GCTaskThread "GC Thread#0" [stack: 0x000000fe43800000,0x000000fe43900000] [id=5192]
  0x000002973547e000 GCTaskThread "GC Thread#1" [stack: 0x000000fe44a00000,0x000000fe44b00000] [id=5476]
  0x000002973547e800 GCTaskThread "GC Thread#2" [stack: 0x000000fe44b00000,0x000000fe44c00000] [id=14684]
  0x00000297351f6000 GCTaskThread "GC Thread#3" [stack: 0x000000fe44c00000,0x000000fe44d00000] [id=18288]
  0x00000297351f7000 GCTaskThread "GC Thread#4" [stack: 0x000000fe44d00000,0x000000fe44e00000] [id=12428]
  0x0000029734fbe800 GCTaskThread "GC Thread#5" [stack: 0x000000fe44e00000,0x000000fe44f00000] [id=17500]
  0x00000297367dc000 GCTaskThread "GC Thread#6" [stack: 0x000000fe45d00000,0x000000fe45e00000] [id=2732]
  0x0000029738392000 GCTaskThread "GC Thread#7" [stack: 0x000000fe45e00000,0x000000fe45f00000] [id=15988]
  0x0000029718604800 ConcurrentGCThread "G1 Main Marker" [stack: 0x000000fe43900000,0x000000fe43a00000] [id=11016]
  0x0000029718606000 ConcurrentGCThread "G1 Conc#0" [stack: 0x000000fe43a00000,0x000000fe43b00000] [id=16168]
  0x000002973653f800 ConcurrentGCThread "G1 Conc#1" [stack: 0x000000fe45f00000,0x000000fe46000000] [id=2988]
  0x00000297338e4800 ConcurrentGCThread "G1 Refine#0" [stack: 0x000000fe43b00000,0x000000fe43c00000] [id=14868]
  0x000002973bdb0000 ConcurrentGCThread "G1 Refine#1" [stack: 0x000000fe45c00000,0x000000fe45d00000] [id=5692]
  0x00000297338e5000 ConcurrentGCThread "G1 Young RemSet Sampling" [stack: 0x000000fe43c00000,0x000000fe43d00000] [id=8084]

Threads with active compile tasks:
C2 CompilerThread0  6014 %     4       groovy.lang.MetaClassImpl::inheritInterfaceNewMetaMethods @ 104 (199 bytes)
C2 CompilerThread1  5675 %     4       org.gradle.internal.instantiation.AbstractClassGenerator::inspectType @ 107 (559 bytes)

VM state:not at safepoint (normal execution)

VM Mutex/Monitor currently owned by a thread: None

Heap address: 0x00000000e0000000, size: 512 MB, Compressed Oops mode: 32-bit
Narrow klass base: 0x0000000800000000, Narrow klass shift: 3
Compressed class space size: 260046848 Address: 0x00000008011a0000

Heap:
 garbage-first heap   total 262144K, used 82151K [0x00000000e0000000, 0x0000000100000000)
  region size 1024K, 29 young (29696K), 6 survivors (6144K)
 Metaspace       used 60201K, capacity 61796K, committed 62108K, reserved 309248K
  class space    used 8159K, capacity 8722K, committed 8780K, reserved 253952K
Heap Regions: E=young(eden), S=young(survivor), O=old, HS=humongous(starts), HC=humongous(continues), CS=collection set, F=free, A=archive, TAMS=top-at-mark-start (previous, next)
|   0|0x00000000e0000000, 0x00000000e0100000, 0x00000000e0100000|100%|HS|  |TAMS 0x00000000e0100000, 0x00000000e0000000| Complete 
|   1|0x00000000e0100000, 0x00000000e0200000, 0x00000000e0200000|100%|HC|  |TAMS 0x00000000e0200000, 0x00000000e0100000| Complete 
|   2|0x00000000e0200000, 0x00000000e0300000, 0x00000000e0300000|100%|HS|  |TAMS 0x00000000e0300000, 0x00000000e0200000| Complete 
|   3|0x00000000e0300000, 0x00000000e0400000, 0x00000000e0400000|100%|HS|  |TAMS 0x00000000e0400000, 0x00000000e0300000| Complete 
|   4|0x00000000e0400000, 0x00000000e0500000, 0x00000000e0500000|100%|HC|  |TAMS 0x00000000e0500000, 0x00000000e0400000| Complete 
|   5|0x00000000e0500000, 0x00000000e0600000, 0x00000000e0600000|100%| O|  |TAMS 0x00000000e0600000, 0x00000000e0500000| Untracked 
|   6|0x00000000e0600000, 0x00000000e0700000, 0x00000000e0700000|100%| O|  |TAMS 0x00000000e0700000, 0x00000000e0600000| Untracked 
|   7|0x00000000e0700000, 0x00000000e0800000, 0x00000000e0800000|100%|HS|  |TAMS 0x00000000e0800000, 0x00000000e0700000| Complete 
|   8|0x00000000e0800000, 0x00000000e0900000, 0x00000000e0900000|100%|HC|  |TAMS 0x00000000e0900000, 0x00000000e0800000| Complete 
|   9|0x00000000e0900000, 0x00000000e0a00000, 0x00000000e0a00000|100%|HC|  |TAMS 0x00000000e0a00000, 0x00000000e0900000| Complete 
|  10|0x00000000e0a00000, 0x00000000e0b00000, 0x00000000e0b00000|100%|HS|  |TAMS 0x00000000e0b00000, 0x00000000e0a00000| Complete 
|  11|0x00000000e0b00000, 0x00000000e0c00000, 0x00000000e0c00000|100%|HC|  |TAMS 0x00000000e0c00000, 0x00000000e0b00000| Complete 
|  12|0x00000000e0c00000, 0x00000000e0d00000, 0x00000000e0d00000|100%|HC|  |TAMS 0x00000000e0d00000, 0x00000000e0c00000| Complete 
|  13|0x00000000e0d00000, 0x00000000e0e00000, 0x00000000e0e00000|100%|HS|  |TAMS 0x00000000e0e00000, 0x00000000e0d00000| Complete 
|  14|0x00000000e0e00000, 0x00000000e0f00000, 0x00000000e0f00000|100%|HC|  |TAMS 0x00000000e0f00000, 0x00000000e0e00000| Complete 
|  15|0x00000000e0f00000, 0x00000000e1000000, 0x00000000e1000000|100%| O|  |TAMS 0x00000000e1000000, 0x00000000e0f00000| Untracked 
|  16|0x00000000e1000000, 0x00000000e1100000, 0x00000000e1100000|100%| O|  |TAMS 0x00000000e1100000, 0x00000000e1000000| Untracked 
|  17|0x00000000e1100000, 0x00000000e1200000, 0x00000000e1200000|100%| O|  |TAMS 0x00000000e1200000, 0x00000000e1100000| Untracked 
|  18|0x00000000e1200000, 0x00000000e1300000, 0x00000000e1300000|100%| O|  |TAMS 0x00000000e1300000, 0x00000000e1200000| Untracked 
|  19|0x00000000e1300000, 0x00000000e1400000, 0x00000000e1400000|100%| O|  |TAMS 0x00000000e1400000, 0x00000000e1300000| Untracked 
|  20|0x00000000e1400000, 0x00000000e1500000, 0x00000000e1500000|100%| O|  |TAMS 0x00000000e1500000, 0x00000000e1400000| Untracked 
|  21|0x00000000e1500000, 0x00000000e1600000, 0x00000000e1600000|100%| O|  |TAMS 0x00000000e1600000, 0x00000000e1500000| Untracked 
|  22|0x00000000e1600000, 0x00000000e1700000, 0x00000000e1700000|100%| O|  |TAMS 0x00000000e1700000, 0x00000000e1600000| Untracked 
|  23|0x00000000e1700000, 0x00000000e1800000, 0x00000000e1800000|100%| O|  |TAMS 0x00000000e1800000, 0x00000000e1700000| Untracked 
|  24|0x00000000e1800000, 0x00000000e1900000, 0x00000000e1900000|100%| O|  |TAMS 0x00000000e1900000, 0x00000000e1800000| Untracked 
|  25|0x00000000e1900000, 0x00000000e1a00000, 0x00000000e1a00000|100%| O|  |TAMS 0x00000000e1a00000, 0x00000000e1900000| Untracked 
|  26|0x00000000e1a00000, 0x00000000e1b00000, 0x00000000e1b00000|100%| O|  |TAMS 0x00000000e1b00000, 0x00000000e1a00000| Untracked 
|  27|0x00000000e1b00000, 0x00000000e1c00000, 0x00000000e1c00000|100%| O|  |TAMS 0x00000000e1c00000, 0x00000000e1b00000| Untracked 
|  28|0x00000000e1c00000, 0x00000000e1d00000, 0x00000000e1d00000|100%| O|  |TAMS 0x00000000e1d00000, 0x00000000e1c00000| Untracked 
|  29|0x00000000e1d00000, 0x00000000e1e00000, 0x00000000e1e00000|100%| O|  |TAMS 0x00000000e1e00000, 0x00000000e1d00000| Untracked 
|  30|0x00000000e1e00000, 0x00000000e1f00000, 0x00000000e1f00000|100%|HS|  |TAMS 0x00000000e1f00000, 0x00000000e1e00000| Complete 
|  31|0x00000000e1f00000, 0x00000000e2000000, 0x00000000e2000000|100%|HC|  |TAMS 0x00000000e2000000, 0x00000000e1f00000| Complete 
|  32|0x00000000e2000000, 0x00000000e2100000, 0x00000000e2100000|100%| O|  |TAMS 0x00000000e2100000, 0x00000000e2000000| Untracked 
|  33|0x00000000e2100000, 0x00000000e2200000, 0x00000000e2200000|100%| O|  |TAMS 0x00000000e2200000, 0x00000000e2100000| Untracked 
|  34|0x00000000e2200000, 0x00000000e2300000, 0x00000000e2300000|100%| O|  |TAMS 0x00000000e2300000, 0x00000000e2200000| Untracked 
|  35|0x00000000e2300000, 0x00000000e2400000, 0x00000000e2400000|100%| O|  |TAMS 0x00000000e2400000, 0x00000000e2300000| Untracked 
|  36|0x00000000e2400000, 0x00000000e2500000, 0x00000000e2500000|100%| O|  |TAMS 0x00000000e2447200, 0x00000000e2400000| Untracked 
|  37|0x00000000e2500000, 0x00000000e2600000, 0x00000000e2600000|100%| O|  |TAMS 0x00000000e2500000, 0x00000000e2500000| Untracked 
|  38|0x00000000e2600000, 0x00000000e2700000, 0x00000000e2700000|100%| O|  |TAMS 0x00000000e2600000, 0x00000000e2600000| Untracked 
|  39|0x00000000e2700000, 0x00000000e2800000, 0x00000000e2800000|100%| O|  |TAMS 0x00000000e2700000, 0x00000000e2700000| Untracked 
|  40|0x00000000e2800000, 0x00000000e2900000, 0x00000000e2900000|100%| O|  |TAMS 0x00000000e2800000, 0x00000000e2800000| Untracked 
|  41|0x00000000e2900000, 0x00000000e2a00000, 0x00000000e2a00000|100%| O|  |TAMS 0x00000000e2900000, 0x00000000e2900000| Untracked 
|  42|0x00000000e2a00000, 0x00000000e2b00000, 0x00000000e2b00000|100%| O|  |TAMS 0x00000000e2a00000, 0x00000000e2a00000| Untracked 
|  43|0x00000000e2b00000, 0x00000000e2c00000, 0x00000000e2c00000|100%| O|  |TAMS 0x00000000e2b00000, 0x00000000e2b00000| Untracked 
|  44|0x00000000e2c00000, 0x00000000e2d00000, 0x00000000e2d00000|100%| O|  |TAMS 0x00000000e2c00000, 0x00000000e2c00000| Untracked 
|  45|0x00000000e2d00000, 0x00000000e2e00000, 0x00000000e2e00000|100%| O|  |TAMS 0x00000000e2d00000, 0x00000000e2d00000| Untracked 
|  46|0x00000000e2e00000, 0x00000000e2f00000, 0x00000000e2f00000|100%| O|  |TAMS 0x00000000e2e00000, 0x00000000e2e00000| Untracked 
|  47|0x00000000e2f00000, 0x00000000e3000000, 0x00000000e3000000|100%| O|  |TAMS 0x00000000e2f00000, 0x00000000e2f00000| Untracked 
|  48|0x00000000e3000000, 0x00000000e3100000, 0x00000000e3100000|100%| O|  |TAMS 0x00000000e3000000, 0x00000000e3000000| Untracked 
|  49|0x00000000e3100000, 0x00000000e3200000, 0x00000000e3200000|100%| O|  |TAMS 0x00000000e3100000, 0x00000000e3100000| Untracked 
|  50|0x00000000e3200000, 0x00000000e3300000, 0x00000000e3300000|100%| O|  |TAMS 0x00000000e3200000, 0x00000000e3200000| Untracked 
|  51|0x00000000e3300000, 0x00000000e3400000, 0x00000000e3400000|100%| O|  |TAMS 0x00000000e3300000, 0x00000000e3300000| Untracked 
|  52|0x00000000e3400000, 0x00000000e34ebc00, 0x00000000e3500000| 92%| O|  |TAMS 0x00000000e3400000, 0x00000000e3400000| Untracked 
|  53|0x00000000e3500000, 0x00000000e3500000, 0x00000000e3600000|  0%| F|  |TAMS 0x00000000e3500000, 0x00000000e3500000| Untracked 
|  54|0x00000000e3600000, 0x00000000e3600000, 0x00000000e3700000|  0%| F|  |TAMS 0x00000000e3600000, 0x00000000e3600000| Untracked 
|  55|0x00000000e3700000, 0x00000000e3700000, 0x00000000e3800000|  0%| F|  |TAMS 0x00000000e3700000, 0x00000000e3700000| Untracked 
|  56|0x00000000e3800000, 0x00000000e3800000, 0x00000000e3900000|  0%| F|  |TAMS 0x00000000e3800000, 0x00000000e3800000| Untracked 
|  57|0x00000000e3900000, 0x00000000e3900000, 0x00000000e3a00000|  0%| F|  |TAMS 0x00000000e3900000, 0x00000000e3900000| Untracked 
|  58|0x00000000e3a00000, 0x00000000e3a00000, 0x00000000e3b00000|  0%| F|  |TAMS 0x00000000e3a00000, 0x00000000e3a00000| Untracked 
|  59|0x00000000e3b00000, 0x00000000e3b00000, 0x00000000e3c00000|  0%| F|  |TAMS 0x00000000e3b00000, 0x00000000e3b00000| Untracked 
|  60|0x00000000e3c00000, 0x00000000e3c00000, 0x00000000e3d00000|  0%| F|  |TAMS 0x00000000e3c00000, 0x00000000e3c00000| Untracked 
|  61|0x00000000e3d00000, 0x00000000e3d00000, 0x00000000e3e00000|  0%| F|  |TAMS 0x00000000e3d00000, 0x00000000e3d00000| Untracked 
|  62|0x00000000e3e00000, 0x00000000e3e00000, 0x00000000e3f00000|  0%| F|  |TAMS 0x00000000e3e00000, 0x00000000e3e00000| Untracked 
|  63|0x00000000e3f00000, 0x00000000e3f00000, 0x00000000e4000000|  0%| F|  |TAMS 0x00000000e3f00000, 0x00000000e3f00000| Untracked 
|  64|0x00000000e4000000, 0x00000000e4000000, 0x00000000e4100000|  0%| F|  |TAMS 0x00000000e4000000, 0x00000000e4000000| Untracked 
|  65|0x00000000e4100000, 0x00000000e4100000, 0x00000000e4200000|  0%| F|  |TAMS 0x00000000e4100000, 0x00000000e4100000| Untracked 
|  66|0x00000000e4200000, 0x00000000e4200000, 0x00000000e4300000|  0%| F|  |TAMS 0x00000000e4200000, 0x00000000e4200000| Untracked 
|  67|0x00000000e4300000, 0x00000000e4300000, 0x00000000e4400000|  0%| F|  |TAMS 0x00000000e4300000, 0x00000000e4300000| Untracked 
|  68|0x00000000e4400000, 0x00000000e4400000, 0x00000000e4500000|  0%| F|  |TAMS 0x00000000e4400000, 0x00000000e4400000| Untracked 
|  69|0x00000000e4500000, 0x00000000e4500000, 0x00000000e4600000|  0%| F|  |TAMS 0x00000000e4500000, 0x00000000e4500000| Untracked 
|  70|0x00000000e4600000, 0x00000000e4600000, 0x00000000e4700000|  0%| F|  |TAMS 0x00000000e4600000, 0x00000000e4600000| Untracked 
|  71|0x00000000e4700000, 0x00000000e4700000, 0x00000000e4800000|  0%| F|  |TAMS 0x00000000e4700000, 0x00000000e4700000| Untracked 
|  72|0x00000000e4800000, 0x00000000e4800000, 0x00000000e4900000|  0%| F|  |TAMS 0x00000000e4800000, 0x00000000e4800000| Untracked 
|  73|0x00000000e4900000, 0x00000000e4900000, 0x00000000e4a00000|  0%| F|  |TAMS 0x00000000e4900000, 0x00000000e4900000| Untracked 
|  74|0x00000000e4a00000, 0x00000000e4a00000, 0x00000000e4b00000|  0%| F|  |TAMS 0x00000000e4a00000, 0x00000000e4a00000| Untracked 
|  75|0x00000000e4b00000, 0x00000000e4b00000, 0x00000000e4c00000|  0%| F|  |TAMS 0x00000000e4b00000, 0x00000000e4b00000| Untracked 
|  76|0x00000000e4c00000, 0x00000000e4c00000, 0x00000000e4d00000|  0%| F|  |TAMS 0x00000000e4c00000, 0x00000000e4c00000| Untracked 
|  77|0x00000000e4d00000, 0x00000000e4d00000, 0x00000000e4e00000|  0%| F|  |TAMS 0x00000000e4d00000, 0x00000000e4d00000| Untracked 
|  78|0x00000000e4e00000, 0x00000000e4e00000, 0x00000000e4f00000|  0%| F|  |TAMS 0x00000000e4e00000, 0x00000000e4e00000| Untracked 
|  79|0x00000000e4f00000, 0x00000000e4f00000, 0x00000000e5000000|  0%| F|  |TAMS 0x00000000e4f00000, 0x00000000e4f00000| Untracked 
|  80|0x00000000e5000000, 0x00000000e5000000, 0x00000000e5100000|  0%| F|  |TAMS 0x00000000e5000000, 0x00000000e5000000| Untracked 
|  81|0x00000000e5100000, 0x00000000e5100000, 0x00000000e5200000|  0%| F|  |TAMS 0x00000000e5100000, 0x00000000e5100000| Untracked 
|  82|0x00000000e5200000, 0x00000000e5200000, 0x00000000e5300000|  0%| F|  |TAMS 0x00000000e5200000, 0x00000000e5200000| Untracked 
|  83|0x00000000e5300000, 0x00000000e5300000, 0x00000000e5400000|  0%| F|  |TAMS 0x00000000e5300000, 0x00000000e5300000| Untracked 
|  84|0x00000000e5400000, 0x00000000e5400000, 0x00000000e5500000|  0%| F|  |TAMS 0x00000000e5400000, 0x00000000e5400000| Untracked 
|  85|0x00000000e5500000, 0x00000000e5500000, 0x00000000e5600000|  0%| F|  |TAMS 0x00000000e5500000, 0x00000000e5500000| Untracked 
|  86|0x00000000e5600000, 0x00000000e5600000, 0x00000000e5700000|  0%| F|  |TAMS 0x00000000e5600000, 0x00000000e5600000| Untracked 
|  87|0x00000000e5700000, 0x00000000e5700000, 0x00000000e5800000|  0%| F|  |TAMS 0x00000000e5700000, 0x00000000e5700000| Untracked 
|  88|0x00000000e5800000, 0x00000000e5800000, 0x00000000e5900000|  0%| F|  |TAMS 0x00000000e5800000, 0x00000000e5800000| Untracked 
|  89|0x00000000e5900000, 0x00000000e5900000, 0x00000000e5a00000|  0%| F|  |TAMS 0x00000000e5900000, 0x00000000e5900000| Untracked 
|  90|0x00000000e5a00000, 0x00000000e5a00000, 0x00000000e5b00000|  0%| F|  |TAMS 0x00000000e5a00000, 0x00000000e5a00000| Untracked 
|  91|0x00000000e5b00000, 0x00000000e5b00000, 0x00000000e5c00000|  0%| F|  |TAMS 0x00000000e5b00000, 0x00000000e5b00000| Untracked 
|  92|0x00000000e5c00000, 0x00000000e5c00000, 0x00000000e5d00000|  0%| F|  |TAMS 0x00000000e5c00000, 0x00000000e5c00000| Untracked 
|  93|0x00000000e5d00000, 0x00000000e5d00000, 0x00000000e5e00000|  0%| F|  |TAMS 0x00000000e5d00000, 0x00000000e5d00000| Untracked 
|  94|0x00000000e5e00000, 0x00000000e5e00000, 0x00000000e5f00000|  0%| F|  |TAMS 0x00000000e5e00000, 0x00000000e5e00000| Untracked 
|  95|0x00000000e5f00000, 0x00000000e5f00000, 0x00000000e6000000|  0%| F|  |TAMS 0x00000000e5f00000, 0x00000000e5f00000| Untracked 
|  96|0x00000000e6000000, 0x00000000e6000000, 0x00000000e6100000|  0%| F|  |TAMS 0x00000000e6000000, 0x00000000e6000000| Untracked 
|  97|0x00000000e6100000, 0x00000000e6100000, 0x00000000e6200000|  0%| F|  |TAMS 0x00000000e6100000, 0x00000000e6100000| Untracked 
|  98|0x00000000e6200000, 0x00000000e6200000, 0x00000000e6300000|  0%| F|  |TAMS 0x00000000e6200000, 0x00000000e6200000| Untracked 
|  99|0x00000000e6300000, 0x00000000e6300000, 0x00000000e6400000|  0%| F|  |TAMS 0x00000000e6300000, 0x00000000e6300000| Untracked 
| 100|0x00000000e6400000, 0x00000000e6400000, 0x00000000e6500000|  0%| F|  |TAMS 0x00000000e6400000, 0x00000000e6400000| Untracked 
| 101|0x00000000e6500000, 0x00000000e6500000, 0x00000000e6600000|  0%| F|  |TAMS 0x00000000e6500000, 0x00000000e6500000| Untracked 
| 102|0x00000000e6600000, 0x00000000e6600000, 0x00000000e6700000|  0%| F|  |TAMS 0x00000000e6600000, 0x00000000e6600000| Untracked 
| 103|0x00000000e6700000, 0x00000000e6700000, 0x00000000e6800000|  0%| F|  |TAMS 0x00000000e6700000, 0x00000000e6700000| Untracked 
| 104|0x00000000e6800000, 0x00000000e6800000, 0x00000000e6900000|  0%| F|  |TAMS 0x00000000e6800000, 0x00000000e6800000| Untracked 
| 105|0x00000000e6900000, 0x00000000e6900000, 0x00000000e6a00000|  0%| F|  |TAMS 0x00000000e6900000, 0x00000000e6900000| Untracked 
| 106|0x00000000e6a00000, 0x00000000e6a00000, 0x00000000e6b00000|  0%| F|  |TAMS 0x00000000e6a00000, 0x00000000e6a00000| Untracked 
| 107|0x00000000e6b00000, 0x00000000e6b00000, 0x00000000e6c00000|  0%| F|  |TAMS 0x00000000e6b00000, 0x00000000e6b00000| Untracked 
| 108|0x00000000e6c00000, 0x00000000e6c00000, 0x00000000e6d00000|  0%| F|  |TAMS 0x00000000e6c00000, 0x00000000e6c00000| Untracked 
| 109|0x00000000e6d00000, 0x00000000e6d00000, 0x00000000e6e00000|  0%| F|  |TAMS 0x00000000e6d00000, 0x00000000e6d00000| Untracked 
| 110|0x00000000e6e00000, 0x00000000e6e00000, 0x00000000e6f00000|  0%| F|  |TAMS 0x00000000e6e00000, 0x00000000e6e00000| Untracked 
| 111|0x00000000e6f00000, 0x00000000e6f00000, 0x00000000e7000000|  0%| F|  |TAMS 0x00000000e6f00000, 0x00000000e6f00000| Untracked 
| 112|0x00000000e7000000, 0x00000000e7000000, 0x00000000e7100000|  0%| F|  |TAMS 0x00000000e7000000, 0x00000000e7000000| Untracked 
| 113|0x00000000e7100000, 0x00000000e7100000, 0x00000000e7200000|  0%| F|  |TAMS 0x00000000e7100000, 0x00000000e7100000| Untracked 
| 114|0x00000000e7200000, 0x00000000e7200000, 0x00000000e7300000|  0%| F|  |TAMS 0x00000000e7200000, 0x00000000e7200000| Untracked 
| 115|0x00000000e7300000, 0x00000000e7300000, 0x00000000e7400000|  0%| F|  |TAMS 0x00000000e7300000, 0x00000000e7300000| Untracked 
| 116|0x00000000e7400000, 0x00000000e7400000, 0x00000000e7500000|  0%| F|  |TAMS 0x00000000e7400000, 0x00000000e7400000| Untracked 
| 117|0x00000000e7500000, 0x00000000e7500000, 0x00000000e7600000|  0%| F|  |TAMS 0x00000000e7500000, 0x00000000e7500000| Untracked 
| 118|0x00000000e7600000, 0x00000000e7600000, 0x00000000e7700000|  0%| F|  |TAMS 0x00000000e7600000, 0x00000000e7600000| Untracked 
| 119|0x00000000e7700000, 0x00000000e7700000, 0x00000000e7800000|  0%| F|  |TAMS 0x00000000e7700000, 0x00000000e7700000| Untracked 
| 120|0x00000000e7800000, 0x00000000e7800000, 0x00000000e7900000|  0%| F|  |TAMS 0x00000000e7800000, 0x00000000e7800000| Untracked 
| 121|0x00000000e7900000, 0x00000000e7900000, 0x00000000e7a00000|  0%| F|  |TAMS 0x00000000e7900000, 0x00000000e7900000| Untracked 
| 122|0x00000000e7a00000, 0x00000000e7a00000, 0x00000000e7b00000|  0%| F|  |TAMS 0x00000000e7a00000, 0x00000000e7a00000| Untracked 
| 123|0x00000000e7b00000, 0x00000000e7b00000, 0x00000000e7c00000|  0%| F|  |TAMS 0x00000000e7b00000, 0x00000000e7b00000| Untracked 
| 124|0x00000000e7c00000, 0x00000000e7c00000, 0x00000000e7d00000|  0%| F|  |TAMS 0x00000000e7c00000, 0x00000000e7c00000| Untracked 
| 125|0x00000000e7d00000, 0x00000000e7d00000, 0x00000000e7e00000|  0%| F|  |TAMS 0x00000000e7d00000, 0x00000000e7d00000| Untracked 
| 126|0x00000000e7e00000, 0x00000000e7e00000, 0x00000000e7f00000|  0%| F|  |TAMS 0x00000000e7e00000, 0x00000000e7e00000| Untracked 
| 127|0x00000000e7f00000, 0x00000000e7f00000, 0x00000000e8000000|  0%| F|  |TAMS 0x00000000e7f00000, 0x00000000e7f00000| Untracked 
| 128|0x00000000e8000000, 0x00000000e8000000, 0x00000000e8100000|  0%| F|  |TAMS 0x00000000e8000000, 0x00000000e8000000| Untracked 
| 129|0x00000000e8100000, 0x00000000e8100000, 0x00000000e8200000|  0%| F|  |TAMS 0x00000000e8100000, 0x00000000e8100000| Untracked 
| 130|0x00000000e8200000, 0x00000000e8200000, 0x00000000e8300000|  0%| F|  |TAMS 0x00000000e8200000, 0x00000000e8200000| Untracked 
| 131|0x00000000e8300000, 0x00000000e8300000, 0x00000000e8400000|  0%| F|  |TAMS 0x00000000e8300000, 0x00000000e8300000| Untracked 
| 132|0x00000000e8400000, 0x00000000e8400000, 0x00000000e8500000|  0%| F|  |TAMS 0x00000000e8400000, 0x00000000e8400000| Untracked 
| 133|0x00000000e8500000, 0x00000000e8500000, 0x00000000e8600000|  0%| F|  |TAMS 0x00000000e8500000, 0x00000000e8500000| Untracked 
| 134|0x00000000e8600000, 0x00000000e8600000, 0x00000000e8700000|  0%| F|  |TAMS 0x00000000e8600000, 0x00000000e8600000| Untracked 
| 135|0x00000000e8700000, 0x00000000e8700000, 0x00000000e8800000|  0%| F|  |TAMS 0x00000000e8700000, 0x00000000e8700000| Untracked 
| 136|0x00000000e8800000, 0x00000000e8800000, 0x00000000e8900000|  0%| F|  |TAMS 0x00000000e8800000, 0x00000000e8800000| Untracked 
| 137|0x00000000e8900000, 0x00000000e8900000, 0x00000000e8a00000|  0%| F|  |TAMS 0x00000000e8900000, 0x00000000e8900000| Untracked 
| 138|0x00000000e8a00000, 0x00000000e8a00000, 0x00000000e8b00000|  0%| F|  |TAMS 0x00000000e8a00000, 0x00000000e8a00000| Untracked 
| 139|0x00000000e8b00000, 0x00000000e8b00000, 0x00000000e8c00000|  0%| F|  |TAMS 0x00000000e8b00000, 0x00000000e8b00000| Untracked 
| 140|0x00000000e8c00000, 0x00000000e8c00000, 0x00000000e8d00000|  0%| F|  |TAMS 0x00000000e8c00000, 0x00000000e8c00000| Untracked 
| 141|0x00000000e8d00000, 0x00000000e8d00000, 0x00000000e8e00000|  0%| F|  |TAMS 0x00000000e8d00000, 0x00000000e8d00000| Untracked 
| 142|0x00000000e8e00000, 0x00000000e8e00000, 0x00000000e8f00000|  0%| F|  |TAMS 0x00000000e8e00000, 0x00000000e8e00000| Untracked 
| 143|0x00000000e8f00000, 0x00000000e8f00000, 0x00000000e9000000|  0%| F|  |TAMS 0x00000000e8f00000, 0x00000000e8f00000| Untracked 
| 144|0x00000000e9000000, 0x00000000e9000000, 0x00000000e9100000|  0%| F|  |TAMS 0x00000000e9000000, 0x00000000e9000000| Untracked 
| 145|0x00000000e9100000, 0x00000000e9100000, 0x00000000e9200000|  0%| F|  |TAMS 0x00000000e9100000, 0x00000000e9100000| Untracked 
| 146|0x00000000e9200000, 0x00000000e9200000, 0x00000000e9300000|  0%| F|  |TAMS 0x00000000e9200000, 0x00000000e9200000| Untracked 
| 147|0x00000000e9300000, 0x00000000e9300000, 0x00000000e9400000|  0%| F|  |TAMS 0x00000000e9300000, 0x00000000e9300000| Untracked 
| 148|0x00000000e9400000, 0x00000000e9400000, 0x00000000e9500000|  0%| F|  |TAMS 0x00000000e9400000, 0x00000000e9400000| Untracked 
| 149|0x00000000e9500000, 0x00000000e9500000, 0x00000000e9600000|  0%| F|  |TAMS 0x00000000e9500000, 0x00000000e9500000| Untracked 
| 150|0x00000000e9600000, 0x00000000e9600000, 0x00000000e9700000|  0%| F|  |TAMS 0x00000000e9600000, 0x00000000e9600000| Untracked 
| 151|0x00000000e9700000, 0x00000000e9700000, 0x00000000e9800000|  0%| F|  |TAMS 0x00000000e9700000, 0x00000000e9700000| Untracked 
| 152|0x00000000e9800000, 0x00000000e9800000, 0x00000000e9900000|  0%| F|  |TAMS 0x00000000e9800000, 0x00000000e9800000| Untracked 
| 153|0x00000000e9900000, 0x00000000e9900000, 0x00000000e9a00000|  0%| F|  |TAMS 0x00000000e9900000, 0x00000000e9900000| Untracked 
| 154|0x00000000e9a00000, 0x00000000e9a00000, 0x00000000e9b00000|  0%| F|  |TAMS 0x00000000e9a00000, 0x00000000e9a00000| Untracked 
| 155|0x00000000e9b00000, 0x00000000e9b00000, 0x00000000e9c00000|  0%| F|  |TAMS 0x00000000e9b00000, 0x00000000e9b00000| Untracked 
| 156|0x00000000e9c00000, 0x00000000e9c00000, 0x00000000e9d00000|  0%| F|  |TAMS 0x00000000e9c00000, 0x00000000e9c00000| Untracked 
| 157|0x00000000e9d00000, 0x00000000e9d00000, 0x00000000e9e00000|  0%| F|  |TAMS 0x00000000e9d00000, 0x00000000e9d00000| Untracked 
| 158|0x00000000e9e00000, 0x00000000e9e00000, 0x00000000e9f00000|  0%| F|  |TAMS 0x00000000e9e00000, 0x00000000e9e00000| Untracked 
| 159|0x00000000e9f00000, 0x00000000e9f00000, 0x00000000ea000000|  0%| F|  |TAMS 0x00000000e9f00000, 0x00000000e9f00000| Untracked 
| 160|0x00000000ea000000, 0x00000000ea000000, 0x00000000ea100000|  0%| F|  |TAMS 0x00000000ea000000, 0x00000000ea000000| Untracked 
| 161|0x00000000ea100000, 0x00000000ea100000, 0x00000000ea200000|  0%| F|  |TAMS 0x00000000ea100000, 0x00000000ea100000| Untracked 
| 162|0x00000000ea200000, 0x00000000ea200000, 0x00000000ea300000|  0%| F|  |TAMS 0x00000000ea200000, 0x00000000ea200000| Untracked 
| 163|0x00000000ea300000, 0x00000000ea300000, 0x00000000ea400000|  0%| F|  |TAMS 0x00000000ea300000, 0x00000000ea300000| Untracked 
| 164|0x00000000ea400000, 0x00000000ea400000, 0x00000000ea500000|  0%| F|  |TAMS 0x00000000ea400000, 0x00000000ea400000| Untracked 
| 165|0x00000000ea500000, 0x00000000ea500000, 0x00000000ea600000|  0%| F|  |TAMS 0x00000000ea500000, 0x00000000ea500000| Untracked 
| 166|0x00000000ea600000, 0x00000000ea600000, 0x00000000ea700000|  0%| F|  |TAMS 0x00000000ea600000, 0x00000000ea600000| Untracked 
| 167|0x00000000ea700000, 0x00000000ea700000, 0x00000000ea800000|  0%| F|  |TAMS 0x00000000ea700000, 0x00000000ea700000| Untracked 
| 168|0x00000000ea800000, 0x00000000ea800000, 0x00000000ea900000|  0%| F|  |TAMS 0x00000000ea800000, 0x00000000ea800000| Untracked 
| 169|0x00000000ea900000, 0x00000000ea900000, 0x00000000eaa00000|  0%| F|  |TAMS 0x00000000ea900000, 0x00000000ea900000| Untracked 
| 170|0x00000000eaa00000, 0x00000000eaa00000, 0x00000000eab00000|  0%| F|  |TAMS 0x00000000eaa00000, 0x00000000eaa00000| Untracked 
| 171|0x00000000eab00000, 0x00000000eab00000, 0x00000000eac00000|  0%| F|  |TAMS 0x00000000eab00000, 0x00000000eab00000| Untracked 
| 172|0x00000000eac00000, 0x00000000eac00000, 0x00000000ead00000|  0%| F|  |TAMS 0x00000000eac00000, 0x00000000eac00000| Untracked 
| 173|0x00000000ead00000, 0x00000000ead00000, 0x00000000eae00000|  0%| F|  |TAMS 0x00000000ead00000, 0x00000000ead00000| Untracked 
| 174|0x00000000eae00000, 0x00000000eae00000, 0x00000000eaf00000|  0%| F|  |TAMS 0x00000000eae00000, 0x00000000eae00000| Untracked 
| 175|0x00000000eaf00000, 0x00000000eaf00000, 0x00000000eb000000|  0%| F|  |TAMS 0x00000000eaf00000, 0x00000000eaf00000| Untracked 
| 176|0x00000000eb000000, 0x00000000eb000000, 0x00000000eb100000|  0%| F|  |TAMS 0x00000000eb000000, 0x00000000eb000000| Untracked 
| 177|0x00000000eb100000, 0x00000000eb100000, 0x00000000eb200000|  0%| F|  |TAMS 0x00000000eb100000, 0x00000000eb100000| Untracked 
| 178|0x00000000eb200000, 0x00000000eb200000, 0x00000000eb300000|  0%| F|  |TAMS 0x00000000eb200000, 0x00000000eb200000| Untracked 
| 179|0x00000000eb300000, 0x00000000eb300000, 0x00000000eb400000|  0%| F|  |TAMS 0x00000000eb300000, 0x00000000eb300000| Untracked 
| 180|0x00000000eb400000, 0x00000000eb400000, 0x00000000eb500000|  0%| F|  |TAMS 0x00000000eb400000, 0x00000000eb400000| Untracked 
| 181|0x00000000eb500000, 0x00000000eb500000, 0x00000000eb600000|  0%| F|  |TAMS 0x00000000eb500000, 0x00000000eb500000| Untracked 
| 182|0x00000000eb600000, 0x00000000eb64e1a0, 0x00000000eb700000| 30%| S|CS|TAMS 0x00000000eb600000, 0x00000000eb600000| Complete 
| 183|0x00000000eb700000, 0x00000000eb800000, 0x00000000eb800000|100%| S|CS|TAMS 0x00000000eb700000, 0x00000000eb700000| Complete 
| 184|0x00000000eb800000, 0x00000000eb900000, 0x00000000eb900000|100%| S|CS|TAMS 0x00000000eb800000, 0x00000000eb800000| Complete 
| 185|0x00000000eb900000, 0x00000000eba00000, 0x00000000eba00000|100%| S|CS|TAMS 0x00000000eb900000, 0x00000000eb900000| Complete 
| 186|0x00000000eba00000, 0x00000000ebb00000, 0x00000000ebb00000|100%| S|CS|TAMS 0x00000000eba00000, 0x00000000eba00000| Complete 
| 187|0x00000000ebb00000, 0x00000000ebc00000, 0x00000000ebc00000|100%| S|CS|TAMS 0x00000000ebb00000, 0x00000000ebb00000| Complete 
| 188|0x00000000ebc00000, 0x00000000ebc00000, 0x00000000ebd00000|  0%| F|  |TAMS 0x00000000ebc00000, 0x00000000ebc00000| Untracked 
| 189|0x00000000ebd00000, 0x00000000ebd00000, 0x00000000ebe00000|  0%| F|  |TAMS 0x00000000ebd00000, 0x00000000ebd00000| Untracked 
| 190|0x00000000ebe00000, 0x00000000ebe00000, 0x00000000ebf00000|  0%| F|  |TAMS 0x00000000ebe00000, 0x00000000ebe00000| Untracked 
| 191|0x00000000ebf00000, 0x00000000ebf00000, 0x00000000ec000000|  0%| F|  |TAMS 0x00000000ebf00000, 0x00000000ebf00000| Untracked 
| 192|0x00000000ec000000, 0x00000000ec000000, 0x00000000ec100000|  0%| F|  |TAMS 0x00000000ec000000, 0x00000000ec000000| Untracked 
| 193|0x00000000ec100000, 0x00000000ec100000, 0x00000000ec200000|  0%| F|  |TAMS 0x00000000ec100000, 0x00000000ec100000| Untracked 
| 194|0x00000000ec200000, 0x00000000ec200000, 0x00000000ec300000|  0%| F|  |TAMS 0x00000000ec200000, 0x00000000ec200000| Untracked 
| 195|0x00000000ec300000, 0x00000000ec300000, 0x00000000ec400000|  0%| F|  |TAMS 0x00000000ec300000, 0x00000000ec300000| Untracked 
| 196|0x00000000ec400000, 0x00000000ec400000, 0x00000000ec500000|  0%| F|  |TAMS 0x00000000ec400000, 0x00000000ec400000| Untracked 
| 197|0x00000000ec500000, 0x00000000ec500000, 0x00000000ec600000|  0%| F|  |TAMS 0x00000000ec500000, 0x00000000ec500000| Untracked 
| 198|0x00000000ec600000, 0x00000000ec600000, 0x00000000ec700000|  0%| F|  |TAMS 0x00000000ec600000, 0x00000000ec600000| Untracked 
| 199|0x00000000ec700000, 0x00000000ec700000, 0x00000000ec800000|  0%| F|  |TAMS 0x00000000ec700000, 0x00000000ec700000| Untracked 
| 200|0x00000000ec800000, 0x00000000ec800000, 0x00000000ec900000|  0%| F|  |TAMS 0x00000000ec800000, 0x00000000ec800000| Untracked 
| 201|0x00000000ec900000, 0x00000000ec900000, 0x00000000eca00000|  0%| F|  |TAMS 0x00000000ec900000, 0x00000000ec900000| Untracked 
| 202|0x00000000eca00000, 0x00000000eca00000, 0x00000000ecb00000|  0%| F|  |TAMS 0x00000000eca00000, 0x00000000eca00000| Untracked 
| 203|0x00000000ecb00000, 0x00000000ecb00000, 0x00000000ecc00000|  0%| F|  |TAMS 0x00000000ecb00000, 0x00000000ecb00000| Untracked 
| 204|0x00000000ecc00000, 0x00000000ecc00000, 0x00000000ecd00000|  0%| F|  |TAMS 0x00000000ecc00000, 0x00000000ecc00000| Untracked 
| 205|0x00000000ecd00000, 0x00000000ecd00000, 0x00000000ece00000|  0%| F|  |TAMS 0x00000000ecd00000, 0x00000000ecd00000| Untracked 
| 206|0x00000000ece00000, 0x00000000ece00000, 0x00000000ecf00000|  0%| F|  |TAMS 0x00000000ece00000, 0x00000000ece00000| Untracked 
| 207|0x00000000ecf00000, 0x00000000ecf00000, 0x00000000ed000000|  0%| F|  |TAMS 0x00000000ecf00000, 0x00000000ecf00000| Untracked 
| 208|0x00000000ed000000, 0x00000000ed000000, 0x00000000ed100000|  0%| F|  |TAMS 0x00000000ed000000, 0x00000000ed000000| Untracked 
| 209|0x00000000ed100000, 0x00000000ed100000, 0x00000000ed200000|  0%| F|  |TAMS 0x00000000ed100000, 0x00000000ed100000| Untracked 
| 210|0x00000000ed200000, 0x00000000ed200000, 0x00000000ed300000|  0%| F|  |TAMS 0x00000000ed200000, 0x00000000ed200000| Untracked 
| 211|0x00000000ed300000, 0x00000000ed300000, 0x00000000ed400000|  0%| F|  |TAMS 0x00000000ed300000, 0x00000000ed300000| Untracked 
| 212|0x00000000ed400000, 0x00000000ed400000, 0x00000000ed500000|  0%| F|  |TAMS 0x00000000ed400000, 0x00000000ed400000| Untracked 
| 213|0x00000000ed500000, 0x00000000ed500000, 0x00000000ed600000|  0%| F|  |TAMS 0x00000000ed500000, 0x00000000ed500000| Untracked 
| 214|0x00000000ed600000, 0x00000000ed600000, 0x00000000ed700000|  0%| F|  |TAMS 0x00000000ed600000, 0x00000000ed600000| Untracked 
| 215|0x00000000ed700000, 0x00000000ed700000, 0x00000000ed800000|  0%| F|  |TAMS 0x00000000ed700000, 0x00000000ed700000| Untracked 
| 216|0x00000000ed800000, 0x00000000ed800000, 0x00000000ed900000|  0%| F|  |TAMS 0x00000000ed800000, 0x00000000ed800000| Untracked 
| 217|0x00000000ed900000, 0x00000000ed900000, 0x00000000eda00000|  0%| F|  |TAMS 0x00000000ed900000, 0x00000000ed900000| Untracked 
| 218|0x00000000eda00000, 0x00000000eda00000, 0x00000000edb00000|  0%| F|  |TAMS 0x00000000eda00000, 0x00000000eda00000| Untracked 
| 219|0x00000000edb00000, 0x00000000edb00000, 0x00000000edc00000|  0%| F|  |TAMS 0x00000000edb00000, 0x00000000edb00000| Untracked 
| 220|0x00000000edc00000, 0x00000000edc00000, 0x00000000edd00000|  0%| F|  |TAMS 0x00000000edc00000, 0x00000000edc00000| Untracked 
| 221|0x00000000edd00000, 0x00000000edd00000, 0x00000000ede00000|  0%| F|  |TAMS 0x00000000edd00000, 0x00000000edd00000| Untracked 
| 222|0x00000000ede00000, 0x00000000ede00000, 0x00000000edf00000|  0%| F|  |TAMS 0x00000000ede00000, 0x00000000ede00000| Untracked 
| 223|0x00000000edf00000, 0x00000000edf00000, 0x00000000ee000000|  0%| F|  |TAMS 0x00000000edf00000, 0x00000000edf00000| Untracked 
| 224|0x00000000ee000000, 0x00000000ee000000, 0x00000000ee100000|  0%| F|  |TAMS 0x00000000ee000000, 0x00000000ee000000| Untracked 
| 225|0x00000000ee100000, 0x00000000ee100000, 0x00000000ee200000|  0%| F|  |TAMS 0x00000000ee100000, 0x00000000ee100000| Untracked 
| 226|0x00000000ee200000, 0x00000000ee200000, 0x00000000ee300000|  0%| F|  |TAMS 0x00000000ee200000, 0x00000000ee200000| Untracked 
| 227|0x00000000ee300000, 0x00000000ee300000, 0x00000000ee400000|  0%| F|  |TAMS 0x00000000ee300000, 0x00000000ee300000| Untracked 
| 228|0x00000000ee400000, 0x00000000ee400000, 0x00000000ee500000|  0%| F|  |TAMS 0x00000000ee400000, 0x00000000ee400000| Untracked 
| 229|0x00000000ee500000, 0x00000000ee500000, 0x00000000ee600000|  0%| F|  |TAMS 0x00000000ee500000, 0x00000000ee500000| Untracked 
| 230|0x00000000ee600000, 0x00000000ee600000, 0x00000000ee700000|  0%| F|  |TAMS 0x00000000ee600000, 0x00000000ee600000| Untracked 
| 231|0x00000000ee700000, 0x00000000ee700000, 0x00000000ee800000|  0%| F|  |TAMS 0x00000000ee700000, 0x00000000ee700000| Untracked 
| 232|0x00000000ee800000, 0x00000000ee84f9e8, 0x00000000ee900000| 31%| E|  |TAMS 0x00000000ee800000, 0x00000000ee800000| Complete 
| 233|0x00000000ee900000, 0x00000000eea00000, 0x00000000eea00000|100%| E|CS|TAMS 0x00000000ee900000, 0x00000000ee900000| Complete 
| 234|0x00000000eea00000, 0x00000000eeb00000, 0x00000000eeb00000|100%| E|CS|TAMS 0x00000000eea00000, 0x00000000eea00000| Complete 
| 235|0x00000000eeb00000, 0x00000000eec00000, 0x00000000eec00000|100%| E|CS|TAMS 0x00000000eeb00000, 0x00000000eeb00000| Complete 
| 236|0x00000000eec00000, 0x00000000eed00000, 0x00000000eed00000|100%| E|CS|TAMS 0x00000000eec00000, 0x00000000eec00000| Complete 
| 237|0x00000000eed00000, 0x00000000eee00000, 0x00000000eee00000|100%| E|CS|TAMS 0x00000000eed00000, 0x00000000eed00000| Complete 
| 238|0x00000000eee00000, 0x00000000eef00000, 0x00000000eef00000|100%| E|CS|TAMS 0x00000000eee00000, 0x00000000eee00000| Complete 
| 239|0x00000000eef00000, 0x00000000ef000000, 0x00000000ef000000|100%| E|CS|TAMS 0x00000000eef00000, 0x00000000eef00000| Complete 
| 240|0x00000000ef000000, 0x00000000ef100000, 0x00000000ef100000|100%| E|CS|TAMS 0x00000000ef000000, 0x00000000ef000000| Complete 
| 241|0x00000000ef100000, 0x00000000ef200000, 0x00000000ef200000|100%| E|CS|TAMS 0x00000000ef100000, 0x00000000ef100000| Complete 
| 242|0x00000000ef200000, 0x00000000ef300000, 0x00000000ef300000|100%| E|CS|TAMS 0x00000000ef200000, 0x00000000ef200000| Complete 
| 243|0x00000000ef300000, 0x00000000ef400000, 0x00000000ef400000|100%| E|CS|TAMS 0x00000000ef300000, 0x00000000ef300000| Complete 
| 244|0x00000000ef400000, 0x00000000ef500000, 0x00000000ef500000|100%| E|CS|TAMS 0x00000000ef400000, 0x00000000ef400000| Complete 
| 245|0x00000000ef500000, 0x00000000ef600000, 0x00000000ef600000|100%| E|CS|TAMS 0x00000000ef500000, 0x00000000ef500000| Complete 
| 246|0x00000000ef600000, 0x00000000ef700000, 0x00000000ef700000|100%| E|CS|TAMS 0x00000000ef600000, 0x00000000ef600000| Complete 
| 247|0x00000000ef700000, 0x00000000ef800000, 0x00000000ef800000|100%| E|CS|TAMS 0x00000000ef700000, 0x00000000ef700000| Complete 
| 248|0x00000000ef800000, 0x00000000ef900000, 0x00000000ef900000|100%| E|CS|TAMS 0x00000000ef800000, 0x00000000ef800000| Complete 
| 249|0x00000000ef900000, 0x00000000efa00000, 0x00000000efa00000|100%| E|CS|TAMS 0x00000000ef900000, 0x00000000ef900000| Complete 
| 250|0x00000000efa00000, 0x00000000efb00000, 0x00000000efb00000|100%| E|CS|TAMS 0x00000000efa00000, 0x00000000efa00000| Complete 
| 251|0x00000000efb00000, 0x00000000efc00000, 0x00000000efc00000|100%| E|CS|TAMS 0x00000000efb00000, 0x00000000efb00000| Complete 
| 252|0x00000000efc00000, 0x00000000efd00000, 0x00000000efd00000|100%| E|CS|TAMS 0x00000000efc00000, 0x00000000efc00000| Complete 
| 253|0x00000000efd00000, 0x00000000efe00000, 0x00000000efe00000|100%| E|CS|TAMS 0x00000000efd00000, 0x00000000efd00000| Complete 
| 254|0x00000000efe00000, 0x00000000eff00000, 0x00000000eff00000|100%| E|CS|TAMS 0x00000000efe00000, 0x00000000efe00000| Complete 
| 255|0x00000000eff00000, 0x00000000f0000000, 0x00000000f0000000|100%| E|CS|TAMS 0x00000000eff00000, 0x00000000eff00000| Complete 

Card table byte_map: [0x000002972fe00000,0x000002972ff00000] _byte_map_base: 0x000002972f700000

Marking Bits (Prev, Next): (CMBitMap*) 0x0000029718600f78, (CMBitMap*) 0x0000029718600f38
 Prev Bits: [0x0000029730800000, 0x0000029731000000)
 Next Bits: [0x0000029730000000, 0x0000029730800000)

Polling page: 0x0000029716560000

Metaspace:

Usage:
  Non-class:     51.89 MB capacity,    50.89 MB ( 98%) used,   893.56 KB (  2%) free+waste,   133.94 KB ( <1%) overhead. 
      Class:      8.52 MB capacity,     7.98 MB ( 94%) used,   488.66 KB (  6%) free+waste,    64.12 KB ( <1%) overhead. 
       Both:     60.42 MB capacity,    58.87 MB ( 97%) used,     1.35 MB (  2%) free+waste,   198.06 KB ( <1%) overhead. 

Virtual space:
  Non-class space:       54.00 MB reserved,      52.08 MB ( 96%) committed 
      Class space:      248.00 MB reserved,       8.57 MB (  3%) committed 
             Both:      302.00 MB reserved,      60.65 MB ( 20%) committed 

Chunk freelists:
   Non-Class:  5.38 KB
       Class:  0 bytes
        Both:  5.25 KB

CodeHeap 'non-profiled nmethods': size=120000Kb used=3487Kb max_used=3487Kb free=116512Kb
 bounds [0x00000297284a0000, 0x0000029728810000, 0x000002972f9d0000]
CodeHeap 'profiled nmethods': size=120000Kb used=14137Kb max_used=14137Kb free=105862Kb
 bounds [0x0000029720f70000, 0x0000029721d50000, 0x00000297284a0000]
CodeHeap 'non-nmethods': size=5760Kb used=2291Kb max_used=2329Kb free=3468Kb
 bounds [0x00000297209d0000, 0x0000029720c40000, 0x0000029720f70000]
 total_blobs=8650 nmethods=6056 adapters=783
 compilation: enabled
              stopped_count=0, restarted_count=0
 full_count=0

Compilation events (10 events):
Event: 38.137 Thread 0x0000029733a67000 6331       3       sun.invoke.util.VerifyAccess$1::<init> (15 bytes)
Event: 38.138 Thread 0x0000029733a67000 nmethod 6331 0x0000029721d34d10 code [0x0000029721d34ee0, 0x0000029721d35178]
Event: 38.138 Thread 0x0000029733a67000 6332       3       sun.invoke.util.VerifyAccess$1::run (5 bytes)
Event: 38.139 Thread 0x0000029733a67000 nmethod 6332 0x0000029721d35210 code [0x0000029721d353e0, 0x0000029721d35650]
Event: 38.139 Thread 0x0000029733a67000 6336       3       java.lang.invoke.LambdaForm::methodType (48 bytes)
Event: 38.139 Thread 0x0000029733a67000 nmethod 6336 0x0000029721d35790 code [0x0000029721d359a0, 0x0000029721d36020]
Event: 38.139 Thread 0x0000029733a67000 6334       3       java.lang.invoke.LambdaForm::fixResult (31 bytes)
Event: 38.140 Thread 0x0000029733a67000 nmethod 6334 0x0000029721d36290 code [0x0000029721d36460, 0x0000029721d36698]
Event: 38.141 Thread 0x0000029733a67000 6337       3       java.lang.invoke.InnerClassLambdaMetafactory::generateFactory (136 bytes)
Event: 38.142 Thread 0x0000029733a67000 nmethod 6337 0x0000029721d36790 code [0x0000029721d36a80, 0x0000029721d37ad0]

GC Heap History (10 events):
Event: 23.599 GC heap before
{Heap before GC invocations=1 (full 0):
 garbage-first heap   total 262144K, used 138543K [0x00000000e0000000, 0x0000000100000000)
  region size 1024K, 125 young (128000K), 3 survivors (3072K)
 Metaspace       used 20628K, capacity 21180K, committed 21296K, reserved 272384K
  class space    used 2946K, capacity 3159K, committed 3200K, reserved 253952K
}
Event: 23.612 GC heap after
{Heap after GC invocations=2 (full 0):
 garbage-first heap   total 262144K, used 27177K [0x00000000e0000000, 0x0000000100000000)
  region size 1024K, 15 young (15360K), 15 survivors (15360K)
 Metaspace       used 20628K, capacity 21180K, committed 21296K, reserved 272384K
  class space    used 2946K, capacity 3159K, committed 3200K, reserved 253952K
}
Event: 25.349 GC heap before
{Heap before GC invocations=3 (full 0):
 garbage-first heap   total 262144K, used 122409K [0x00000000e0000000, 0x0000000100000000)
  region size 1024K, 106 young (108544K), 15 survivors (15360K)
 Metaspace       used 31269K, capacity 32059K, committed 32176K, reserved 282624K
  class space    used 4307K, capacity 4535K, committed 4608K, reserved 253952K
}
Event: 25.360 GC heap after
{Heap after GC invocations=4 (full 0):
 garbage-first heap   total 262144K, used 33839K [0x00000000e0000000, 0x0000000100000000)
  region size 1024K, 7 young (7168K), 7 survivors (7168K)
 Metaspace       used 31269K, capacity 32059K, committed 32176K, reserved 282624K
  class space    used 4307K, capacity 4535K, committed 4608K, reserved 253952K
}
Event: 33.434 GC heap before
{Heap before GC invocations=4 (full 0):
 garbage-first heap   total 262144K, used 92207K [0x00000000e0000000, 0x0000000100000000)
  region size 1024K, 62 young (63488K), 7 survivors (7168K)
 Metaspace       used 34896K, capacity 35886K, committed 35920K, reserved 286720K
  class space    used 4791K, capacity 5109K, committed 5120K, reserved 253952K
}
Event: 33.445 GC heap after
{Heap after GC invocations=5 (full 0):
 garbage-first heap   total 262144K, used 43361K [0x00000000e0000000, 0x0000000100000000)
  region size 1024K, 12 young (12288K), 12 survivors (12288K)
 Metaspace       used 34896K, capacity 35886K, committed 35920K, reserved 286720K
  class space    used 4791K, capacity 5109K, committed 5120K, reserved 253952K
}
Event: 36.900 GC heap before
{Heap before GC invocations=6 (full 0):
 garbage-first heap   total 262144K, used 176481K [0x00000000e0000000, 0x0000000100000000)
  region size 1024K, 143 young (146432K), 12 survivors (12288K)
 Metaspace       used 52677K, capacity 53914K, committed 54172K, reserved 301056K
  class space    used 7009K, capacity 7429K, committed 7500K, reserved 253952K
}
Event: 36.914 GC heap after
{Heap after GC invocations=7 (full 0):
 garbage-first heap   total 262144K, used 54320K [0x00000000e0000000, 0x0000000100000000)
  region size 1024K, 17 young (17408K), 17 survivors (17408K)
 Metaspace       used 52677K, capacity 53914K, committed 54172K, reserved 301056K
  class space    used 7009K, capacity 7429K, committed 7500K, reserved 253952K
}
Event: 37.660 GC heap before
{Heap before GC invocations=7 (full 0):
 garbage-first heap   total 262144K, used 122928K [0x00000000e0000000, 0x0000000100000000)
  region size 1024K, 85 young (87040K), 17 survivors (17408K)
 Metaspace       used 58801K, capacity 60249K, committed 60316K, reserved 307200K
  class space    used 7940K, capacity 8464K, committed 8524K, reserved 253952K
}
Event: 37.689 GC heap after
{Heap after GC invocations=8 (full 0):
 garbage-first heap   total 262144K, used 59623K [0x00000000e0000000, 0x0000000100000000)
  region size 1024K, 6 young (6144K), 6 survivors (6144K)
 Metaspace       used 58801K, capacity 60249K, committed 60316K, reserved 307200K
  class space    used 7940K, capacity 8464K, committed 8524K, reserved 253952K
}

Deoptimization events (10 events):
Event: 37.225 Thread 0x0000029735e03800 Uncommon trap: reason=unstable_if action=reinterpret pc=0x0000029728624668 method=org.objectweb.asm.Frame.execute(IILorg/objectweb/asm/Symbol;Lorg/objectweb/asm/SymbolTable;)V @ 1 c2
Event: 37.361 Thread 0x0000029735e03800 Uncommon trap: reason=unstable_if action=reinterpret pc=0x000002972870da0c method=org.objectweb.asm.Frame.getAbstractTypeFromDescriptor(Lorg/objectweb/asm/SymbolTable;Ljava/lang/String;I)I @ 5 c2
Event: 37.383 Thread 0x0000029735e03800 Uncommon trap: reason=unstable_if action=reinterpret pc=0x000002972876b628 method=java.util.TreeMap.put(Ljava/lang/Object;Ljava/lang/Object;)Ljava/lang/Object; @ 163 c2
Event: 37.721 Thread 0x0000029735e03800 Uncommon trap: reason=class_check action=maybe_recompile pc=0x0000029728780ed8 method=java.util.regex.Matcher.search(I)Z @ 121 c2
Event: 37.722 Thread 0x0000029735e03800 Uncommon trap: reason=class_check action=maybe_recompile pc=0x0000029728780ed8 method=java.util.regex.Matcher.search(I)Z @ 121 c2
Event: 37.723 Thread 0x0000029735e03800 Uncommon trap: reason=class_check action=maybe_recompile pc=0x0000029728780ed8 method=java.util.regex.Matcher.search(I)Z @ 121 c2
Event: 37.761 Thread 0x0000029735e03800 Uncommon trap: reason=unstable_if action=reinterpret pc=0x000002972861ad34 method=java.lang.Integer.stringSize(I)I @ 19 c2
Event: 37.870 Thread 0x0000029735e03800 Uncommon trap: reason=unstable_if action=reinterpret pc=0x000002972878275c method=java.util.regex.Pattern$GroupTail.match(Ljava/util/regex/Matcher;ILjava/lang/CharSequence;)Z @ 73 c2
Event: 37.873 Thread 0x0000029735e03800 Uncommon trap: reason=unstable_if action=reinterpret pc=0x00000297287abbb0 method=java.util.regex.Pattern.curly(Ljava/util/regex/Pattern$Node;I)Ljava/util/regex/Pattern$Node; @ 8 c2
Event: 37.873 Thread 0x0000029735e03800 Uncommon trap: reason=unstable_if action=reinterpret pc=0x000002972873ac14 method=java.lang.AbstractStringBuilder.append(Ljava/lang/String;)Ljava/lang/AbstractStringBuilder; @ 1 c2

Classes redefined (0 events):
No events

Internal exceptions (10 events):
Event: 38.137 Thread 0x0000029735e03800 Exception <a 'java/lang/NoSuchMethodError'{0x00000000eedb0fb8}: java.lang.invoke.DirectMethodHandle$Holder.invokeSpecial(Ljava/lang/Object;Ljava/lang/Object;Ljava/lang/Object;Ljava/lang/Object;Ljava/lang/Object;Ljava/lang/Object;Ljava/lang/Object;Ljava/la
Event: 38.138 Thread 0x0000029737f80000 Exception <a 'java/lang/NoSuchMethodError'{0x00000000eebe7058}: java.lang.invoke.DirectMethodHandle$Holder.invokeSpecial(Ljava/lang/Object;Ljava/lang/Object;Ljava/lang/Object;Ljava/lang/Object;Ljava/lang/Object;Ljava/lang/Object;Ljava/lang/Object;Ljava/la
Event: 38.138 Thread 0x0000029737f81800 Exception <a 'java/lang/NoSuchMethodError'{0x00000000eea774e0}: java.lang.invoke.DirectMethodHandle$Holder.invokeSpecial(Ljava/lang/Object;Ljava/lang/Object;Ljava/lang/Object;Ljava/lang/Object;Ljava/lang/Object;Ljava/lang/Object;Ljava/lang/Object;Ljava/la
Event: 38.138 Thread 0x0000029737f7f000 Exception <a 'java/lang/NoSuchMethodError'{0x00000000eecb18d8}: java.lang.invoke.Invokers$Holder.linkToTargetMethod(Ljava/lang/Object;Ljava/lang/Object;Ljava/lang/Object;Ljava/lang/Object;Ljava/lang/Object;Ljava/lang/Object;Ljava/lang/Object;Ljava/lang/Ob
Event: 38.139 Thread 0x0000029737f80000 Exception <a 'java/lang/NoSuchMethodError'{0x00000000eebea6a0}: java.lang.invoke.Invokers$Holder.linkToTargetMethod(Ljava/lang/Object;Ljava/lang/Object;Ljava/lang/Object;Ljava/lang/Object;Ljava/lang/Object;Ljava/lang/Object;Ljava/lang/Object;Ljava/lang/Ob
Event: 38.139 Thread 0x0000029735e03800 Exception <a 'java/lang/NoSuchMethodError'{0x00000000eedb50a0}: java.lang.invoke.Invokers$Holder.linkToTargetMethod(Ljava/lang/Object;Ljava/lang/Object;Ljava/lang/Object;Ljava/lang/Object;Ljava/lang/Object;Ljava/lang/Object;Ljava/lang/Object;Ljava/lang/Ob
Event: 38.139 Thread 0x0000029737f80800 Exception <a 'java/lang/NoSuchMethodError'{0x00000000eeb84cd0}: java.lang.invoke.Invokers$Holder.linkToTargetMethod(Ljava/lang/Object;Ljava/lang/Object;Ljava/lang/Object;Ljava/lang/Object;Ljava/lang/Object;Ljava/lang/Object;Ljava/lang/Object;Ljava/lang/Ob
Event: 38.139 Thread 0x0000029737f82800 Exception <a 'java/lang/NoSuchMethodError'{0x00000000eea30038}: java.lang.invoke.Invokers$Holder.linkToTargetMethod(Ljava/lang/Object;Ljava/lang/Object;Ljava/lang/Object;Ljava/lang/Object;Ljava/lang/Object;Ljava/lang/Object;Ljava/lang/Object;Ljava/lang/Ob
Event: 38.139 Thread 0x0000029737f7b800 Exception <a 'java/lang/NoSuchMethodError'{0x00000000eeb30eb0}: java.lang.invoke.Invokers$Holder.linkToTargetMethod(Ljava/lang/Object;Ljava/lang/Object;Ljava/lang/Object;Ljava/lang/Object;Ljava/lang/Object;Ljava/lang/Object;Ljava/lang/Object;Ljava/lang/Ob
Event: 38.139 Thread 0x0000029737f81800 Exception <a 'java/lang/NoSuchMethodError'{0x00000000eea7ab28}: java.lang.invoke.Invokers$Holder.linkToTargetMethod(Ljava/lang/Object;Ljava/lang/Object;Ljava/lang/Object;Ljava/lang/Object;Ljava/lang/Object;Ljava/lang/Object;Ljava/lang/Object;Ljava/lang/Ob

Events (10 events):
Event: 38.140 Executing VM operation: RevokeBias
Event: 38.140 Executing VM operation: RevokeBias done
Event: 38.141 loading class org/gradle/api/internal/artifacts/transform/ImmutableTransformationWorkspaceProvider
Event: 38.141 loading class org/gradle/api/internal/artifacts/transform/ImmutableTransformationWorkspaceProvider done
Event: 38.141 loading class org/gradle/api/internal/artifacts/transform/ImmutableTransformationWorkspaceProvider
Event: 38.141 loading class org/gradle/api/internal/artifacts/transform/ImmutableTransformationWorkspaceProvider done
Event: 38.141 loading class org/gradle/api/internal/artifacts/transform/ImmutableTransformationWorkspaceProvider
Event: 38.141 loading class org/gradle/api/internal/artifacts/transform/ImmutableTransformationWorkspaceProvider done
Event: 38.141 loading class org/gradle/api/internal/artifacts/transform/ImmutableTransformationWorkspaceProvider
Event: 38.141 loading class org/gradle/api/internal/artifacts/transform/ImmutableTransformationWorkspaceProvider done


Dynamic libraries:
0x00007ff6bd830000 - 0x00007ff6bd83f000 	C:\Program Files\Java\jdk-12.0.1\bin\java.exe
0x00007ff975dd0000 - 0x00007ff975fc1000 	C:\WINDOWS\SYSTEM32\ntdll.dll
0x00007ff9750b0000 - 0x00007ff97516b000 	C:\WINDOWS\System32\KERNEL32.DLL
0x00007ff973550000 - 0x00007ff9737f6000 	C:\WINDOWS\System32\KERNELBASE.dll
0x00007ff970e20000 - 0x00007ff970eb0000 	C:\WINDOWS\SYSTEM32\apphelp.dll
0x00007ff973c50000 - 0x00007ff973d4d000 	C:\WINDOWS\System32\ucrtbase.dll
0x00007ff962190000 - 0x00007ff9621a8000 	C:\Program Files\Java\jdk-12.0.1\bin\jli.dll
0x00007ff962e10000 - 0x00007ff962e26000 	C:\Program Files\Java\jdk-12.0.1\bin\VCRUNTIME140.dll
0x00007ff9752a0000 - 0x00007ff975349000 	C:\WINDOWS\System32\ADVAPI32.dll
0x00007ff973e30000 - 0x00007ff973ece000 	C:\WINDOWS\System32\msvcrt.dll
0x00007ff975360000 - 0x00007ff9753fb000 	C:\WINDOWS\System32\sechost.dll
0x00007ff974080000 - 0x00007ff9741a3000 	C:\WINDOWS\System32\RPCRT4.dll
0x00007ff974e30000 - 0x00007ff974fc9000 	C:\WINDOWS\System32\USER32.dll
0x00007ff972d80000 - 0x00007ff972da2000 	C:\WINDOWS\System32\win32u.dll
0x00007ff974e00000 - 0x00007ff974e29000 	C:\WINDOWS\System32\GDI32.dll
0x00007ff94ff80000 - 0x00007ff950219000 	C:\WINDOWS\WinSxS\amd64_microsoft.windows.common-controls_6595b64144ccf1df_6.0.18890.1000_none_a67bd625a4d869bf\COMCTL32.dll
0x00007ff973800000 - 0x00007ff973994000 	C:\WINDOWS\System32\gdi32full.dll
0x00007ff973a50000 - 0x00007ff973aee000 	C:\WINDOWS\System32\msvcp_win.dll
0x00007ff975a40000 - 0x00007ff975d8b000 	C:\WINDOWS\System32\combase.dll
0x00007ff973da0000 - 0x00007ff973e21000 	C:\WINDOWS\System32\bcryptPrimitives.dll
0x00007ff965590000 - 0x00007ff96559a000 	C:\WINDOWS\SYSTEM32\VERSION.dll
0x00007ff975260000 - 0x00007ff975291000 	C:\WINDOWS\System32\IMM32.DLL
0x00007ff949c20000 - 0x00007ff949cca000 	C:\Program Files\Java\jdk-12.0.1\bin\msvcp140.dll
0x00007ff936300000 - 0x00007ff936e74000 	C:\Program Files\Java\jdk-12.0.1\bin\server\jvm.dll
0x00007ff975040000 - 0x00007ff975048000 	C:\WINDOWS\System32\PSAPI.DLL
0x00007ff965fd0000 - 0x00007ff965fd9000 	C:\WINDOWS\SYSTEM32\WSOCK32.dll
0x00007ff9751f0000 - 0x00007ff97525b000 	C:\WINDOWS\System32\WS2_32.dll
0x00007ff955500000 - 0x00007ff955527000 	C:\WINDOWS\SYSTEM32\WINMM.dll
0x00007ff9529f0000 - 0x00007ff952a16000 	C:\WINDOWS\SYSTEM32\WINMMBASE.dll
0x00007ff973d50000 - 0x00007ff973d9e000 	C:\WINDOWS\System32\cfgmgr32.dll
0x00007ff972c40000 - 0x00007ff972c52000 	C:\WINDOWS\System32\kernel.appcore.dll
0x00007ff95f890000 - 0x00007ff95f8a1000 	C:\Program Files\Java\jdk-12.0.1\bin\verify.dll
0x00007ff971240000 - 0x00007ff971424000 	C:\WINDOWS\SYSTEM32\DBGHELP.DLL
0x00007ff965fe0000 - 0x00007ff96600c000 	C:\WINDOWS\SYSTEM32\dbgcore.DLL
0x00007ff95ea60000 - 0x00007ff95ea86000 	C:\Program Files\Java\jdk-12.0.1\bin\java.dll
0x00007ff95ed30000 - 0x00007ff95ed47000 	C:\Program Files\Java\jdk-12.0.1\bin\zip.dll
0x00007ff96ae10000 - 0x00007ff96ae1a000 	C:\Program Files\Java\jdk-12.0.1\bin\jimage.dll
0x00007ff974210000 - 0x00007ff9748ef000 	C:\WINDOWS\System32\SHELL32.dll
0x00007ff975970000 - 0x00007ff975a1d000 	C:\WINDOWS\System32\shcore.dll
0x00007ff972db0000 - 0x00007ff973530000 	C:\WINDOWS\System32\windows.storage.dll
0x00007ff972c60000 - 0x00007ff972c80000 	C:\WINDOWS\System32\profapi.dll
0x00007ff972ca0000 - 0x00007ff972ceb000 	C:\WINDOWS\System32\powrprof.dll
0x00007ff972c30000 - 0x00007ff972c3f000 	C:\WINDOWS\System32\UMPDC.dll
0x00007ff975050000 - 0x00007ff9750a5000 	C:\WINDOWS\System32\shlwapi.dll
0x00007ff973530000 - 0x00007ff973548000 	C:\WINDOWS\System32\cryptsp.dll
0x00007ff95e940000 - 0x00007ff95e959000 	C:\Program Files\Java\jdk-12.0.1\bin\net.dll
0x00007ff9652f0000 - 0x00007ff9653e9000 	C:\WINDOWS\SYSTEM32\WINHTTP.dll
0x00007ff952cb0000 - 0x00007ff952e96000 	C:\WINDOWS\SYSTEM32\urlmon.dll
0x00007ff956810000 - 0x00007ff956abb000 	C:\WINDOWS\SYSTEM32\iertutil.dll
0x00007ff9725d0000 - 0x00007ff9725dc000 	C:\WINDOWS\SYSTEM32\CRYPTBASE.DLL
0x00007ff972400000 - 0x00007ff97246a000 	C:\WINDOWS\system32\mswsock.dll
0x00007ff95dee0000 - 0x00007ff95def3000 	C:\Program Files\Java\jdk-12.0.1\bin\nio.dll
0x00007ff95e3d0000 - 0x00007ff95e3f6000 	C:\Users\Dwayne Ewens\.gradle\native\29\windows-amd64\native-platform.dll
0x00007ff9655a0000 - 0x00007ff9655a9000 	C:\Program Files\Java\jdk-12.0.1\bin\management.dll
0x00007ff9653f0000 - 0x00007ff9653fc000 	C:\Program Files\Java\jdk-12.0.1\bin\management_ext.dll
0x00007ff971fc0000 - 0x00007ff971ff4000 	C:\WINDOWS\system32\rsaenh.dll
0x00007ff972cf0000 - 0x00007ff972d17000 	C:\WINDOWS\System32\bcrypt.dll
0x00007ff972b10000 - 0x00007ff972b3a000 	C:\WINDOWS\SYSTEM32\USERENV.dll
0x00007ff972160000 - 0x00007ff97219c000 	C:\WINDOWS\SYSTEM32\IPHLPAPI.DLL
0x00007ff974fd0000 - 0x00007ff974fd8000 	C:\WINDOWS\System32\NSI.dll
0x00007ff96bc30000 - 0x00007ff96bc47000 	C:\WINDOWS\SYSTEM32\dhcpcsvc6.DLL
0x00007ff96bd20000 - 0x00007ff96bd3d000 	C:\WINDOWS\SYSTEM32\dhcpcsvc.DLL
0x00007ff9721a0000 - 0x00007ff972266000 	C:\WINDOWS\SYSTEM32\DNSAPI.dll

dbghelp: loaded successfully - version: 4.0.5 - missing functions: none
symbol engine: initialized successfully - sym options: 0x614 - pdb path: .;C:\Program Files\Java\jdk-12.0.1\bin;C:\WINDOWS\SYSTEM32;C:\WINDOWS\WinSxS\amd64_microsoft.windows.common-controls_6595b64144ccf1df_6.0.18890.1000_none_a67bd625a4d869bf;C:\Program Files\Java\jdk-12.0.1\bin\server;C:\Users\Dwayne Ewens\.gradle\native\29\windows-amd64

VM Arguments:
jvm_args: --add-opens=java.base/java.util=ALL-UNNAMED --add-opens=java.base/java.lang=ALL-UNNAMED --add-opens=java.base/java.lang.invoke=ALL-UNNAMED --add-opens=java.prefs/java.util.prefs=ALL-UNNAMED -XX:MaxMetaspaceSize=256m -XX:+HeapDumpOnOutOfMemoryError -Xms256m -Xmx512m -Dfile.encoding=windows-1252 -Duser.country=US -Duser.language=en -Duser.variant 
java_command: org.gradle.launcher.daemon.bootstrap.GradleDaemon 5.4-20190318164016+0000
java_class_path (initial): C:\Users\Dwayne Ewens\.gradle\wrapper\dists\gradle-5.4-20190318164016+0000-all\7nvkn7g4mpr11vrk36tr7pt31\gradle-5.4-20190318164016+0000\lib\gradle-launcher-5.4.jar
Launcher Type: SUN_STANDARD

[Global flags]
     intx CICompilerCount                          = 4                                         {product} {ergonomic}
   size_t CompressedClassSpaceSize                 = 260046848                                 {product} {ergonomic}
     uint ConcGCThreads                            = 2                                         {product} {ergonomic}
     uint G1ConcRefinementThreads                  = 8                                         {product} {ergonomic}
   size_t G1HeapRegionSize                         = 1048576                                   {product} {ergonomic}
    uintx GCDrainStackTargetSize                   = 64                                        {product} {ergonomic}
     bool HeapDumpOnOutOfMemoryError               = true                                   {manageable} {command line}
   size_t InitialHeapSize                          = 268435456                                 {product} {command line}
   size_t MarkStackSize                            = 4194304                                   {product} {ergonomic}
   size_t MaxHeapSize                              = 536870912                                 {product} {command line}
   size_t MaxMetaspaceSize                         = 268435456                                 {product} {command line}
   size_t MaxNewSize                               = 321912832                                 {product} {ergonomic}
   size_t MinHeapDeltaBytes                        = 1048576                                   {product} {ergonomic}
    uintx NonNMethodCodeHeapSize                   = 5836300                                {pd product} {ergonomic}
    uintx NonProfiledCodeHeapSize                  = 122910970                              {pd product} {ergonomic}
    uintx ProfiledCodeHeapSize                     = 122910970                              {pd product} {ergonomic}
    uintx ReservedCodeCacheSize                    = 251658240                              {pd product} {ergonomic}
     bool SegmentedCodeCache                       = true                                      {product} {ergonomic}
     bool UseCompressedClassPointers               = true                                 {lp64_product} {ergonomic}
     bool UseCompressedOops                        = true                                 {lp64_product} {ergonomic}
     bool UseG1GC                                  = true                                      {product} {ergonomic}
     bool UseLargePagesIndividualAllocation        = false                                  {pd product} {ergonomic}

Logging:
Log output configuration:
 #0: stdout all=warning uptime,level,tags
 #1: stderr all=off uptime,level,tags

Environment Variables:
JAVA_HOME=C:\Program Files\Java\jdk-12.0.1\bin\java.exe
PATH=C:\Program Files\Mozilla Firefox;C:\WINDOWS\system32;C:\WINDOWS;C:\WINDOWS\System32\Wbem;C:\WINDOWS\System32\WindowsPowerShell\v1.0\;C:\WINDOWS\System32\OpenSSH\;C:\Program Files\dotnet\;C:\Program Files (x86)\Windows Kits\10\Windows Performance Toolkit\;C:\Users\Dwayne Ewens\AppData\Local\Microsoft\WindowsApps;;C:\Users\Dwayne Ewens\AppData\Local\Programs\Microsoft VS Code\bin
USERNAME=Dwayne Ewens
OS=Windows_NT
PROCESSOR_IDENTIFIER=Intel64 Family 6 Model 142 Stepping 10, GenuineIntel



---------------  S Y S T E M  ---------------

OS: Windows 10 , 64 bit Build 18890 (10.0.18890.1000)

CPU:total 8 (initial active 8) (4 cores per cpu, 2 threads per core) family 6 model 142 stepping 10, cmov, cx8, fxsr, mmx, sse, sse2, sse3, ssse3, sse4.1, sse4.2, popcnt, avx, avx2, aes, clmul, erms, rtm, 3dnowpref, lzcnt, ht, tsc, tscinvbit, bmi1, bmi2, adx, fma

Memory: 4k page, system-wide physical 8117M (480M free)
TotalPageFile size 10027M (AvailPageFile size 6M)
current process WorkingSet (physical memory assigned to process): 415M, peak: 419M
current process commit charge ("private bytes"): 502M, peak: 505M

vm_info: Java HotSpot(TM) 64-Bit Server VM (12.0.1+12) for windows-amd64 JRE (12.0.1+12), built on Apr  2 2019 14:02:19 by "mach5one" with MS VC++ 15.5 (VS2017)

END.
