#
# There is insufficient memory for the Java Runtime Environment to continue.
# Native memory allocation (malloc) failed to allocate 1899536 bytes for Chunk::new
# Possible reasons:
#   The system is out of physical RAM or swap space
#   The process is running with CompressedOops enabled, and the Java Heap may be blocking the growth of the native heap
# Possible solutions:
#   Reduce memory load on the system
#   Increase physical memory or swap space
#   Check if swap backing store is full
#   Decrease Java heap size (-Xmx/-Xms)
#   Decrease number of Java threads
#   Decrease Java thread stack sizes (-Xss)
#   Set larger code cache with -XX:ReservedCodeCacheSize=
#   JVM is running with Unscaled Compressed Oops mode in which the Java heap is
#     placed in the first 4GB address space. The Java Heap base address is the
#     maximum limit for the native heap growth. Please use -XX:HeapBaseMinAddress
#     to set the Java Heap base and to place the Java Heap above 4GB virtual address.
# This output file may be truncated or incomplete.
#
#  Out of Memory Error (t:/workspace/open/src/hotspot/share/memory/arena.cpp:197), pid=11872, tid=2052
#
# JRE version: Java(TM) SE Runtime Environment (12.0.1+12) (build 12.0.1+12)
# Java VM: Java HotSpot(TM) 64-Bit Server VM (12.0.1+12, mixed mode, sharing, tiered, compressed oops, g1 gc, windows-amd64)
# No core dump will be written. Minidumps are not enabled by default on client versions of Windows
#

---------------  S U M M A R Y ------------

Command Line: --add-opens=java.base/java.util=ALL-UNNAMED --add-opens=java.base/java.lang=ALL-UNNAMED --add-opens=java.base/java.lang.invoke=ALL-UNNAMED --add-opens=java.prefs/java.util.prefs=ALL-UNNAMED -XX:MaxMetaspaceSize=256m -XX:+HeapDumpOnOutOfMemoryError -Xms256m -Xmx512m -Dfile.encoding=windows-1252 -Duser.country=US -Duser.language=en -Duser.variant org.gradle.launcher.daemon.bootstrap.GradleDaemon 5.4-20190318164016+0000

Host: Intel(R) Core(TM) i5-8350U CPU @ 1.70GHz, 8 cores, 7G,  Windows 10 , 64 bit Build 18890 (10.0.18890.1000)
Time: Sat May  4 21:50:17 2019 Central Daylight Time elapsed time: 3 seconds (0d 0h 0m 3s)

---------------  T H R E A D  ---------------

Current thread (0x000002c2e3515800):  JavaThread "C2 CompilerThread2" daemon [_thread_in_native, id=2052, stack(0x000000c6f3c00000,0x000000c6f3d00000)]


Current CompileTask:
C2:   3559 2851       4       groovy.lang.MetaClassImpl$1MOPIter::methodNameAction (325 bytes)

Stack: [0x000000c6f3c00000,0x000000c6f3d00000]
Native frames: (J=compiled Java code, j=interpreted, Vv=VM code, C=native code)
V  [jvm.dll+0x63948a]
V  [jvm.dll+0x78b31f]
V  [jvm.dll+0x78c9c1]
V  [jvm.dll+0x78d013]
V  [jvm.dll+0x262138]
V  [jvm.dll+0xc582c]
V  [jvm.dll+0xc5dac]
V  [jvm.dll+0x379662]
V  [jvm.dll+0x345493]
V  [jvm.dll+0x34485a]
V  [jvm.dll+0x21c035]
V  [jvm.dll+0x21b20a]
V  [jvm.dll+0x199890]
V  [jvm.dll+0x22a534]
V  [jvm.dll+0x228b88]
V  [jvm.dll+0x74f660]
V  [jvm.dll+0x748648]
V  [jvm.dll+0x638566]
C  [ucrtbase.dll+0x20912]
C  [KERNEL32.DLL+0x5bb4]
C  [ntdll.dll+0x59ee1]


---------------  P R O C E S S  ---------------

Threads class SMR info:
_java_thread_list=0x000002c2e9e70370, length=29, elements={
0x000002c2c4e59000, 0x000002c2e02dd800, 0x000002c2e02e0000, 0x000002c2e02fe800,
0x000002c2e02ff800, 0x000002c2e0301800, 0x000002c2e0304800, 0x000002c2e0305800,
0x000002c2e0d57000, 0x000002c2e0d7b800, 0x000002c2e2a8e800, 0x000002c2e241b000,
0x000002c2e1c0b000, 0x000002c2e2238000, 0x000002c2e19b7000, 0x000002c2e25a2000,
0x000002c2e25b9000, 0x000002c2e27bb800, 0x000002c2e207c000, 0x000002c2e23fa800,
0x000002c2e2937800, 0x000002c2e2939800, 0x000002c2e293a000, 0x000002c2e20e4800,
0x000002c2e2935800, 0x000002c2e3515800, 0x000002c2e293c000, 0x000002c2e2936000,
0x000002c2e9a14800
}

Java Threads: ( => current thread )
  0x000002c2c4e59000 JavaThread "main" [_thread_blocked, id=19508, stack(0x000000c6f1700000,0x000000c6f1800000)]
  0x000002c2e02dd800 JavaThread "Reference Handler" daemon [_thread_blocked, id=17092, stack(0x000000c6f1e00000,0x000000c6f1f00000)]
  0x000002c2e02e0000 JavaThread "Finalizer" daemon [_thread_blocked, id=6872, stack(0x000000c6f1f00000,0x000000c6f2000000)]
  0x000002c2e02fe800 JavaThread "Signal Dispatcher" daemon [_thread_blocked, id=20160, stack(0x000000c6f2000000,0x000000c6f2100000)]
  0x000002c2e02ff800 JavaThread "Attach Listener" daemon [_thread_blocked, id=5048, stack(0x000000c6f2100000,0x000000c6f2200000)]
  0x000002c2e0301800 JavaThread "C2 CompilerThread0" daemon [_thread_in_native, id=9848, stack(0x000000c6f2200000,0x000000c6f2300000)]
  0x000002c2e0304800 JavaThread "C1 CompilerThread0" daemon [_thread_in_vm, id=14148, stack(0x000000c6f2300000,0x000000c6f2400000)]
  0x000002c2e0305800 JavaThread "Sweeper thread" daemon [_thread_blocked, id=19224, stack(0x000000c6f2400000,0x000000c6f2500000)]
  0x000002c2e0d57000 JavaThread "Common-Cleaner" daemon [_thread_blocked, id=4812, stack(0x000000c6f2500000,0x000000c6f2600000)]
  0x000002c2e0d7b800 JavaThread "Service Thread" daemon [_thread_blocked, id=15968, stack(0x000000c6f2600000,0x000000c6f2700000)]
  0x000002c2e2a8e800 JavaThread "Daemon health stats" [_thread_blocked, id=19704, stack(0x000000c6f2f00000,0x000000c6f3000000)]
  0x000002c2e241b000 JavaThread "Incoming local TCP Connector on port 64155" [_thread_in_native, id=13040, stack(0x000000c6f2800000,0x000000c6f2900000)]
  0x000002c2e1c0b000 JavaThread "Daemon periodic checks" [_thread_blocked, id=19008, stack(0x000000c6f2e00000,0x000000c6f2f00000)]
  0x000002c2e2238000 JavaThread "Daemon" [_thread_blocked, id=13480, stack(0x000000c6f3000000,0x000000c6f3100000)]
  0x000002c2e19b7000 JavaThread "Handler for socket connection from /127.0.0.1:64155 to /127.0.0.1:64156" [_thread_in_native, id=9324, stack(0x000000c6f3100000,0x000000c6f3200000)]
  0x000002c2e25a2000 JavaThread "Cancel handler" [_thread_blocked, id=6868, stack(0x000000c6f3200000,0x000000c6f3300000)]
  0x000002c2e25b9000 JavaThread "Daemon worker" [_thread_in_Java, id=6972, stack(0x000000c6f3300000,0x000000c6f3400000)]
  0x000002c2e27bb800 JavaThread "Asynchronous log dispatcher for DefaultDaemonConnection: socket connection from /127.0.0.1:64155 to /127.0.0.1:64156" [_thread_blocked, id=7628, stack(0x000000c6f3400000,0x000000c6f3500000)]
  0x000002c2e207c000 JavaThread "Stdin handler" [_thread_blocked, id=13972, stack(0x000000c6f3500000,0x000000c6f3600000)]
  0x000002c2e23fa800 JavaThread "Thread-8" [_thread_blocked, id=18528, stack(0x000000c6f3600000,0x000000c6f3700000)]
  0x000002c2e2937800 JavaThread "Cache worker for file hash cache (C:\Users\Dwayne Ewens\.gradle\caches\5.4-20190318164016+0000\fileHashes)" [_thread_blocked, id=16020, stack(0x000000c6f3700000,0x000000c6f3800000)]
  0x000002c2e2939800 JavaThread "File lock request listener" [_thread_in_native, id=19016, stack(0x000000c6f3800000,0x000000c6f3900000)]
  0x000002c2e293a000 JavaThread "Cache worker for journal cache (C:\Users\Dwayne Ewens\.gradle\caches\journal-1)" [_thread_blocked, id=10396, stack(0x000000c6f3900000,0x000000c6f3a00000)]
  0x000002c2e20e4800 JavaThread "C2 CompilerThread1" daemon [_thread_in_native, id=492, stack(0x000000c6f3a00000,0x000000c6f3b00000)]
  0x000002c2e2935800 JavaThread "Cache worker for file hash cache (C:\Users\Dwayne Ewens\Documents\GitHub\Wifi-Fixer\.gradle\5.4-20190318164016+0000\fileHashes)" [_thread_blocked, id=19912, stack(0x000000c6f3b00000,0x000000c6f3c00000)]
=>0x000002c2e3515800 JavaThread "C2 CompilerThread2" daemon [_thread_in_native, id=2052, stack(0x000000c6f3c00000,0x000000c6f3d00000)]
  0x000002c2e293c000 JavaThread "Cache worker for cache directory md-supplier (C:\Users\Dwayne Ewens\.gradle\caches\5.4-20190318164016+0000\md-supplier)" [_thread_blocked, id=8728, stack(0x000000c6f4000000,0x000000c6f4100000)]
  0x000002c2e2936000 JavaThread "Cache worker for cache directory md-rule (C:\Users\Dwayne Ewens\.gradle\caches\5.4-20190318164016+0000\md-rule)" [_thread_blocked, id=14044, stack(0x000000c6f4100000,0x000000c6f4200000)]
  0x000002c2e9a14800 JavaThread "Cache worker for execution history cache (C:\Users\Dwayne Ewens\.gradle\caches\5.4-20190318164016+0000\executionHistory)" [_thread_blocked, id=13856, stack(0x000000c6f4200000,0x000000c6f4300000)]

Other Threads:
  0x000002c2e02da000 VMThread "VM Thread" [stack: 0x000000c6f1d00000,0x000000c6f1e00000] [id=13984]
  0x000002c2e0d7c000 WatcherThread [stack: 0x000000c6f2700000,0x000000c6f2800000] [id=9544]
  0x000002c2c4e7e000 GCTaskThread "GC Thread#0" [stack: 0x000000c6f1800000,0x000000c6f1900000] [id=13468]
  0x000002c2e13ea000 GCTaskThread "GC Thread#1" [stack: 0x000000c6f2900000,0x000000c6f2a00000] [id=8864]
  0x000002c2e156a000 GCTaskThread "GC Thread#2" [stack: 0x000000c6f2a00000,0x000000c6f2b00000] [id=5852]
  0x000002c2e1709800 GCTaskThread "GC Thread#3" [stack: 0x000000c6f2b00000,0x000000c6f2c00000] [id=14244]
  0x000002c2e181e000 GCTaskThread "GC Thread#4" [stack: 0x000000c6f2c00000,0x000000c6f2d00000] [id=14516]
  0x000002c2e164b800 GCTaskThread "GC Thread#5" [stack: 0x000000c6f2d00000,0x000000c6f2e00000] [id=10036]
  0x000002c2e5338800 GCTaskThread "GC Thread#6" [stack: 0x000000c6f3d00000,0x000000c6f3e00000] [id=7424]
  0x000002c2e3317800 GCTaskThread "GC Thread#7" [stack: 0x000000c6f3e00000,0x000000c6f3f00000] [id=10112]
  0x000002c2c4e84800 ConcurrentGCThread "G1 Main Marker" [stack: 0x000000c6f1900000,0x000000c6f1a00000] [id=13688]
  0x000002c2c4e86000 ConcurrentGCThread "G1 Conc#0" [stack: 0x000000c6f1a00000,0x000000c6f1b00000] [id=11524]
  0x000002c2e4be6000 ConcurrentGCThread "G1 Conc#1" [stack: 0x000000c6f3f00000,0x000000c6f4000000] [id=13640]
  0x000002c2e0188800 ConcurrentGCThread "G1 Refine#0" [stack: 0x000000c6f1b00000,0x000000c6f1c00000] [id=13940]
  0x000002c2e0189000 ConcurrentGCThread "G1 Young RemSet Sampling" [stack: 0x000000c6f1c00000,0x000000c6f1d00000] [id=15492]

Threads with active compile tasks:
C2 CompilerThread0  2083   !   4       java.lang.ClassLoader::loadClass (122 bytes)
C1 CompilerThread0  2996       3       java.util.ArrayList::remove (26 bytes)
C2 CompilerThread1  2866       4       org.codehaus.groovy.runtime.metaclass.MetaMethodIndex::addMethodToList (298 bytes)
C2 CompilerThread2  2851       4       groovy.lang.MetaClassImpl$1MOPIter::methodNameAction (325 bytes)

VM state:not at safepoint (normal execution)

VM Mutex/Monitor currently owned by a thread:  ([mutex/lock_event])
[0x000002c2c4e56730] CodeCache_lock - owner thread: 0x0000000000000000

Heap address: 0x00000000e0000000, size: 512 MB, Compressed Oops mode: 32-bit
Narrow klass base: 0x0000000800000000, Narrow klass shift: 3
Compressed class space size: 260046848 Address: 0x00000008011a0000

Heap:
 garbage-first heap   total 262144K, used 82934K [0x00000000e0000000, 0x0000000100000000)
  region size 1024K, 57 young (58368K), 3 survivors (3072K)
 Metaspace       used 30796K, capacity 31534K, committed 31792K, reserved 282624K
  class space    used 4238K, capacity 4465K, committed 4480K, reserved 253952K
Heap Regions: E=young(eden), S=young(survivor), O=old, HS=humongous(starts), HC=humongous(continues), CS=collection set, F=free, A=archive, TAMS=top-at-mark-start (previous, next)
|   0|0x00000000e0000000, 0x00000000e0100000, 0x00000000e0100000|100%|HS|  |TAMS 0x00000000e0100000, 0x00000000e0000000| Complete 
|   1|0x00000000e0100000, 0x00000000e0200000, 0x00000000e0200000|100%|HC|  |TAMS 0x00000000e0200000, 0x00000000e0100000| Complete 
|   2|0x00000000e0200000, 0x00000000e0300000, 0x00000000e0300000|100%|HS|  |TAMS 0x00000000e0300000, 0x00000000e0200000| Complete 
|   3|0x00000000e0300000, 0x00000000e0400000, 0x00000000e0400000|100%|HS|  |TAMS 0x00000000e0400000, 0x00000000e0300000| Complete 
|   4|0x00000000e0400000, 0x00000000e0500000, 0x00000000e0500000|100%|HC|  |TAMS 0x00000000e0500000, 0x00000000e0400000| Complete 
|   5|0x00000000e0500000, 0x00000000e0600000, 0x00000000e0600000|100%| O|  |TAMS 0x00000000e0600000, 0x00000000e0500000| Untracked 
|   6|0x00000000e0600000, 0x00000000e0700000, 0x00000000e0700000|100%| O|  |TAMS 0x00000000e0661000, 0x00000000e0600000| Untracked 
|   7|0x00000000e0700000, 0x00000000e0800000, 0x00000000e0800000|100%|HS|  |TAMS 0x00000000e0800000, 0x00000000e0700000| Complete 
|   8|0x00000000e0800000, 0x00000000e0900000, 0x00000000e0900000|100%|HC|  |TAMS 0x00000000e0900000, 0x00000000e0800000| Complete 
|   9|0x00000000e0900000, 0x00000000e0a00000, 0x00000000e0a00000|100%|HC|  |TAMS 0x00000000e0a00000, 0x00000000e0900000| Complete 
|  10|0x00000000e0a00000, 0x00000000e0b00000, 0x00000000e0b00000|100%|HS|  |TAMS 0x00000000e0b00000, 0x00000000e0a00000| Complete 
|  11|0x00000000e0b00000, 0x00000000e0c00000, 0x00000000e0c00000|100%|HC|  |TAMS 0x00000000e0c00000, 0x00000000e0b00000| Complete 
|  12|0x00000000e0c00000, 0x00000000e0d00000, 0x00000000e0d00000|100%|HC|  |TAMS 0x00000000e0d00000, 0x00000000e0c00000| Complete 
|  13|0x00000000e0d00000, 0x00000000e0d00000, 0x00000000e0e00000|  0%| F|  |TAMS 0x00000000e0d00000, 0x00000000e0d00000| Untracked 
|  14|0x00000000e0e00000, 0x00000000e0e00000, 0x00000000e0f00000|  0%| F|  |TAMS 0x00000000e0e00000, 0x00000000e0e00000| Untracked 
|  15|0x00000000e0f00000, 0x00000000e0f00000, 0x00000000e1000000|  0%| F|  |TAMS 0x00000000e0f00000, 0x00000000e0f00000| Untracked 
|  16|0x00000000e1000000, 0x00000000e1100000, 0x00000000e1100000|100%| O|  |TAMS 0x00000000e1000000, 0x00000000e1000000| Untracked 
|  17|0x00000000e1100000, 0x00000000e1200000, 0x00000000e1200000|100%| O|  |TAMS 0x00000000e1100000, 0x00000000e1100000| Untracked 
|  18|0x00000000e1200000, 0x00000000e1300000, 0x00000000e1300000|100%| O|  |TAMS 0x00000000e1200000, 0x00000000e1200000| Untracked 
|  19|0x00000000e1300000, 0x00000000e1400000, 0x00000000e1400000|100%| O|  |TAMS 0x00000000e1300000, 0x00000000e1300000| Untracked 
|  20|0x00000000e1400000, 0x00000000e1500000, 0x00000000e1500000|100%| O|  |TAMS 0x00000000e1400000, 0x00000000e1400000| Untracked 
|  21|0x00000000e1500000, 0x00000000e1600000, 0x00000000e1600000|100%| O|  |TAMS 0x00000000e1500000, 0x00000000e1500000| Untracked 
|  22|0x00000000e1600000, 0x00000000e1700000, 0x00000000e1700000|100%| O|  |TAMS 0x00000000e1600000, 0x00000000e1600000| Untracked 
|  23|0x00000000e1700000, 0x00000000e1800000, 0x00000000e1800000|100%| O|  |TAMS 0x00000000e1700000, 0x00000000e1700000| Untracked 
|  24|0x00000000e1800000, 0x00000000e1900000, 0x00000000e1900000|100%| O|  |TAMS 0x00000000e1800000, 0x00000000e1800000| Untracked 
|  25|0x00000000e1900000, 0x00000000e1a00000, 0x00000000e1a00000|100%| O|  |TAMS 0x00000000e1900000, 0x00000000e1900000| Untracked 
|  26|0x00000000e1a00000, 0x00000000e1b00000, 0x00000000e1b00000|100%| O|  |TAMS 0x00000000e1a00000, 0x00000000e1a00000| Untracked 
|  27|0x00000000e1b00000, 0x00000000e1c00000, 0x00000000e1c00000|100%| O|  |TAMS 0x00000000e1b00000, 0x00000000e1b00000| Untracked 
|  28|0x00000000e1c00000, 0x00000000e1d00000, 0x00000000e1d00000|100%| O|  |TAMS 0x00000000e1c00000, 0x00000000e1c00000| Untracked 
|  29|0x00000000e1d00000, 0x00000000e1d52c00, 0x00000000e1e00000| 32%| O|  |TAMS 0x00000000e1d00000, 0x00000000e1d00000| Untracked 
|  30|0x00000000e1e00000, 0x00000000e1e00000, 0x00000000e1f00000|  0%| F|  |TAMS 0x00000000e1e00000, 0x00000000e1e00000| Untracked 
|  31|0x00000000e1f00000, 0x00000000e1f00000, 0x00000000e2000000|  0%| F|  |TAMS 0x00000000e1f00000, 0x00000000e1f00000| Untracked 
|  32|0x00000000e2000000, 0x00000000e2000000, 0x00000000e2100000|  0%| F|  |TAMS 0x00000000e2000000, 0x00000000e2000000| Untracked 
|  33|0x00000000e2100000, 0x00000000e2100000, 0x00000000e2200000|  0%| F|  |TAMS 0x00000000e2100000, 0x00000000e2100000| Untracked 
|  34|0x00000000e2200000, 0x00000000e2200000, 0x00000000e2300000|  0%| F|  |TAMS 0x00000000e2200000, 0x00000000e2200000| Untracked 
|  35|0x00000000e2300000, 0x00000000e2300000, 0x00000000e2400000|  0%| F|  |TAMS 0x00000000e2300000, 0x00000000e2300000| Untracked 
|  36|0x00000000e2400000, 0x00000000e2400000, 0x00000000e2500000|  0%| F|  |TAMS 0x00000000e2400000, 0x00000000e2400000| Untracked 
|  37|0x00000000e2500000, 0x00000000e2500000, 0x00000000e2600000|  0%| F|  |TAMS 0x00000000e2500000, 0x00000000e2500000| Untracked 
|  38|0x00000000e2600000, 0x00000000e2600000, 0x00000000e2700000|  0%| F|  |TAMS 0x00000000e2600000, 0x00000000e2600000| Untracked 
|  39|0x00000000e2700000, 0x00000000e2700000, 0x00000000e2800000|  0%| F|  |TAMS 0x00000000e2700000, 0x00000000e2700000| Untracked 
|  40|0x00000000e2800000, 0x00000000e2800000, 0x00000000e2900000|  0%| F|  |TAMS 0x00000000e2800000, 0x00000000e2800000| Untracked 
|  41|0x00000000e2900000, 0x00000000e2900000, 0x00000000e2a00000|  0%| F|  |TAMS 0x00000000e2900000, 0x00000000e2900000| Untracked 
|  42|0x00000000e2a00000, 0x00000000e2a00000, 0x00000000e2b00000|  0%| F|  |TAMS 0x00000000e2a00000, 0x00000000e2a00000| Untracked 
|  43|0x00000000e2b00000, 0x00000000e2b00000, 0x00000000e2c00000|  0%| F|  |TAMS 0x00000000e2b00000, 0x00000000e2b00000| Untracked 
|  44|0x00000000e2c00000, 0x00000000e2c00000, 0x00000000e2d00000|  0%| F|  |TAMS 0x00000000e2c00000, 0x00000000e2c00000| Untracked 
|  45|0x00000000e2d00000, 0x00000000e2d00000, 0x00000000e2e00000|  0%| F|  |TAMS 0x00000000e2d00000, 0x00000000e2d00000| Untracked 
|  46|0x00000000e2e00000, 0x00000000e2e00000, 0x00000000e2f00000|  0%| F|  |TAMS 0x00000000e2e00000, 0x00000000e2e00000| Untracked 
|  47|0x00000000e2f00000, 0x00000000e2f00000, 0x00000000e3000000|  0%| F|  |TAMS 0x00000000e2f00000, 0x00000000e2f00000| Untracked 
|  48|0x00000000e3000000, 0x00000000e3000000, 0x00000000e3100000|  0%| F|  |TAMS 0x00000000e3000000, 0x00000000e3000000| Untracked 
|  49|0x00000000e3100000, 0x00000000e3100000, 0x00000000e3200000|  0%| F|  |TAMS 0x00000000e3100000, 0x00000000e3100000| Untracked 
|  50|0x00000000e3200000, 0x00000000e3200000, 0x00000000e3300000|  0%| F|  |TAMS 0x00000000e3200000, 0x00000000e3200000| Untracked 
|  51|0x00000000e3300000, 0x00000000e3300000, 0x00000000e3400000|  0%| F|  |TAMS 0x00000000e3300000, 0x00000000e3300000| Untracked 
|  52|0x00000000e3400000, 0x00000000e3400000, 0x00000000e3500000|  0%| F|  |TAMS 0x00000000e3400000, 0x00000000e3400000| Untracked 
|  53|0x00000000e3500000, 0x00000000e3500000, 0x00000000e3600000|  0%| F|  |TAMS 0x00000000e3500000, 0x00000000e3500000| Untracked 
|  54|0x00000000e3600000, 0x00000000e3600000, 0x00000000e3700000|  0%| F|  |TAMS 0x00000000e3600000, 0x00000000e3600000| Untracked 
|  55|0x00000000e3700000, 0x00000000e3700000, 0x00000000e3800000|  0%| F|  |TAMS 0x00000000e3700000, 0x00000000e3700000| Untracked 
|  56|0x00000000e3800000, 0x00000000e3800000, 0x00000000e3900000|  0%| F|  |TAMS 0x00000000e3800000, 0x00000000e3800000| Untracked 
|  57|0x00000000e3900000, 0x00000000e3900000, 0x00000000e3a00000|  0%| F|  |TAMS 0x00000000e3900000, 0x00000000e3900000| Untracked 
|  58|0x00000000e3a00000, 0x00000000e3a00000, 0x00000000e3b00000|  0%| F|  |TAMS 0x00000000e3a00000, 0x00000000e3a00000| Untracked 
|  59|0x00000000e3b00000, 0x00000000e3b00000, 0x00000000e3c00000|  0%| F|  |TAMS 0x00000000e3b00000, 0x00000000e3b00000| Untracked 
|  60|0x00000000e3c00000, 0x00000000e3c00000, 0x00000000e3d00000|  0%| F|  |TAMS 0x00000000e3c00000, 0x00000000e3c00000| Untracked 
|  61|0x00000000e3d00000, 0x00000000e3d00000, 0x00000000e3e00000|  0%| F|  |TAMS 0x00000000e3d00000, 0x00000000e3d00000| Untracked 
|  62|0x00000000e3e00000, 0x00000000e3e00000, 0x00000000e3f00000|  0%| F|  |TAMS 0x00000000e3e00000, 0x00000000e3e00000| Untracked 
|  63|0x00000000e3f00000, 0x00000000e3f00000, 0x00000000e4000000|  0%| F|  |TAMS 0x00000000e3f00000, 0x00000000e3f00000| Untracked 
|  64|0x00000000e4000000, 0x00000000e4000000, 0x00000000e4100000|  0%| F|  |TAMS 0x00000000e4000000, 0x00000000e4000000| Untracked 
|  65|0x00000000e4100000, 0x00000000e4100000, 0x00000000e4200000|  0%| F|  |TAMS 0x00000000e4100000, 0x00000000e4100000| Untracked 
|  66|0x00000000e4200000, 0x00000000e4200000, 0x00000000e4300000|  0%| F|  |TAMS 0x00000000e4200000, 0x00000000e4200000| Untracked 
|  67|0x00000000e4300000, 0x00000000e4300000, 0x00000000e4400000|  0%| F|  |TAMS 0x00000000e4300000, 0x00000000e4300000| Untracked 
|  68|0x00000000e4400000, 0x00000000e4400000, 0x00000000e4500000|  0%| F|  |TAMS 0x00000000e4400000, 0x00000000e4400000| Untracked 
|  69|0x00000000e4500000, 0x00000000e4500000, 0x00000000e4600000|  0%| F|  |TAMS 0x00000000e4500000, 0x00000000e4500000| Untracked 
|  70|0x00000000e4600000, 0x00000000e4600000, 0x00000000e4700000|  0%| F|  |TAMS 0x00000000e4600000, 0x00000000e4600000| Untracked 
|  71|0x00000000e4700000, 0x00000000e4700000, 0x00000000e4800000|  0%| F|  |TAMS 0x00000000e4700000, 0x00000000e4700000| Untracked 
|  72|0x00000000e4800000, 0x00000000e4800000, 0x00000000e4900000|  0%| F|  |TAMS 0x00000000e4800000, 0x00000000e4800000| Untracked 
|  73|0x00000000e4900000, 0x00000000e4900000, 0x00000000e4a00000|  0%| F|  |TAMS 0x00000000e4900000, 0x00000000e4900000| Untracked 
|  74|0x00000000e4a00000, 0x00000000e4a00000, 0x00000000e4b00000|  0%| F|  |TAMS 0x00000000e4a00000, 0x00000000e4a00000| Untracked 
|  75|0x00000000e4b00000, 0x00000000e4b00000, 0x00000000e4c00000|  0%| F|  |TAMS 0x00000000e4b00000, 0x00000000e4b00000| Untracked 
|  76|0x00000000e4c00000, 0x00000000e4c00000, 0x00000000e4d00000|  0%| F|  |TAMS 0x00000000e4c00000, 0x00000000e4c00000| Untracked 
|  77|0x00000000e4d00000, 0x00000000e4d00000, 0x00000000e4e00000|  0%| F|  |TAMS 0x00000000e4d00000, 0x00000000e4d00000| Untracked 
|  78|0x00000000e4e00000, 0x00000000e4e00000, 0x00000000e4f00000|  0%| F|  |TAMS 0x00000000e4e00000, 0x00000000e4e00000| Untracked 
|  79|0x00000000e4f00000, 0x00000000e4f00000, 0x00000000e5000000|  0%| F|  |TAMS 0x00000000e4f00000, 0x00000000e4f00000| Untracked 
|  80|0x00000000e5000000, 0x00000000e5000000, 0x00000000e5100000|  0%| F|  |TAMS 0x00000000e5000000, 0x00000000e5000000| Untracked 
|  81|0x00000000e5100000, 0x00000000e5100000, 0x00000000e5200000|  0%| F|  |TAMS 0x00000000e5100000, 0x00000000e5100000| Untracked 
|  82|0x00000000e5200000, 0x00000000e5200000, 0x00000000e5300000|  0%| F|  |TAMS 0x00000000e5200000, 0x00000000e5200000| Untracked 
|  83|0x00000000e5300000, 0x00000000e5300000, 0x00000000e5400000|  0%| F|  |TAMS 0x00000000e5300000, 0x00000000e5300000| Untracked 
|  84|0x00000000e5400000, 0x00000000e5400000, 0x00000000e5500000|  0%| F|  |TAMS 0x00000000e5400000, 0x00000000e5400000| Untracked 
|  85|0x00000000e5500000, 0x00000000e5500000, 0x00000000e5600000|  0%| F|  |TAMS 0x00000000e5500000, 0x00000000e5500000| Untracked 
|  86|0x00000000e5600000, 0x00000000e5600000, 0x00000000e5700000|  0%| F|  |TAMS 0x00000000e5600000, 0x00000000e5600000| Untracked 
|  87|0x00000000e5700000, 0x00000000e5700000, 0x00000000e5800000|  0%| F|  |TAMS 0x00000000e5700000, 0x00000000e5700000| Untracked 
|  88|0x00000000e5800000, 0x00000000e5800000, 0x00000000e5900000|  0%| F|  |TAMS 0x00000000e5800000, 0x00000000e5800000| Untracked 
|  89|0x00000000e5900000, 0x00000000e5900000, 0x00000000e5a00000|  0%| F|  |TAMS 0x00000000e5900000, 0x00000000e5900000| Untracked 
|  90|0x00000000e5a00000, 0x00000000e5a00000, 0x00000000e5b00000|  0%| F|  |TAMS 0x00000000e5a00000, 0x00000000e5a00000| Untracked 
|  91|0x00000000e5b00000, 0x00000000e5b00000, 0x00000000e5c00000|  0%| F|  |TAMS 0x00000000e5b00000, 0x00000000e5b00000| Untracked 
|  92|0x00000000e5c00000, 0x00000000e5c00000, 0x00000000e5d00000|  0%| F|  |TAMS 0x00000000e5c00000, 0x00000000e5c00000| Untracked 
|  93|0x00000000e5d00000, 0x00000000e5d00000, 0x00000000e5e00000|  0%| F|  |TAMS 0x00000000e5d00000, 0x00000000e5d00000| Untracked 
|  94|0x00000000e5e00000, 0x00000000e5e00000, 0x00000000e5f00000|  0%| F|  |TAMS 0x00000000e5e00000, 0x00000000e5e00000| Untracked 
|  95|0x00000000e5f00000, 0x00000000e5f00000, 0x00000000e6000000|  0%| F|  |TAMS 0x00000000e5f00000, 0x00000000e5f00000| Untracked 
|  96|0x00000000e6000000, 0x00000000e6000000, 0x00000000e6100000|  0%| F|  |TAMS 0x00000000e6000000, 0x00000000e6000000| Untracked 
|  97|0x00000000e6100000, 0x00000000e6100000, 0x00000000e6200000|  0%| F|  |TAMS 0x00000000e6100000, 0x00000000e6100000| Untracked 
|  98|0x00000000e6200000, 0x00000000e6200000, 0x00000000e6300000|  0%| F|  |TAMS 0x00000000e6200000, 0x00000000e6200000| Untracked 
|  99|0x00000000e6300000, 0x00000000e6300000, 0x00000000e6400000|  0%| F|  |TAMS 0x00000000e6300000, 0x00000000e6300000| Untracked 
| 100|0x00000000e6400000, 0x00000000e6400000, 0x00000000e6500000|  0%| F|  |TAMS 0x00000000e6400000, 0x00000000e6400000| Untracked 
| 101|0x00000000e6500000, 0x00000000e6500000, 0x00000000e6600000|  0%| F|  |TAMS 0x00000000e6500000, 0x00000000e6500000| Untracked 
| 102|0x00000000e6600000, 0x00000000e6600000, 0x00000000e6700000|  0%| F|  |TAMS 0x00000000e6600000, 0x00000000e6600000| Untracked 
| 103|0x00000000e6700000, 0x00000000e6700000, 0x00000000e6800000|  0%| F|  |TAMS 0x00000000e6700000, 0x00000000e6700000| Untracked 
| 104|0x00000000e6800000, 0x00000000e6800000, 0x00000000e6900000|  0%| F|  |TAMS 0x00000000e6800000, 0x00000000e6800000| Untracked 
| 105|0x00000000e6900000, 0x00000000e6900000, 0x00000000e6a00000|  0%| F|  |TAMS 0x00000000e6900000, 0x00000000e6900000| Untracked 
| 106|0x00000000e6a00000, 0x00000000e6a00000, 0x00000000e6b00000|  0%| F|  |TAMS 0x00000000e6a00000, 0x00000000e6a00000| Untracked 
| 107|0x00000000e6b00000, 0x00000000e6b00000, 0x00000000e6c00000|  0%| F|  |TAMS 0x00000000e6b00000, 0x00000000e6b00000| Untracked 
| 108|0x00000000e6c00000, 0x00000000e6c00000, 0x00000000e6d00000|  0%| F|  |TAMS 0x00000000e6c00000, 0x00000000e6c00000| Untracked 
| 109|0x00000000e6d00000, 0x00000000e6d00000, 0x00000000e6e00000|  0%| F|  |TAMS 0x00000000e6d00000, 0x00000000e6d00000| Untracked 
| 110|0x00000000e6e00000, 0x00000000e6e00000, 0x00000000e6f00000|  0%| F|  |TAMS 0x00000000e6e00000, 0x00000000e6e00000| Untracked 
| 111|0x00000000e6f00000, 0x00000000e6f00000, 0x00000000e7000000|  0%| F|  |TAMS 0x00000000e6f00000, 0x00000000e6f00000| Untracked 
| 112|0x00000000e7000000, 0x00000000e7000000, 0x00000000e7100000|  0%| F|  |TAMS 0x00000000e7000000, 0x00000000e7000000| Untracked 
| 113|0x00000000e7100000, 0x00000000e7100000, 0x00000000e7200000|  0%| F|  |TAMS 0x00000000e7100000, 0x00000000e7100000| Untracked 
| 114|0x00000000e7200000, 0x00000000e7200000, 0x00000000e7300000|  0%| F|  |TAMS 0x00000000e7200000, 0x00000000e7200000| Untracked 
| 115|0x00000000e7300000, 0x00000000e7300000, 0x00000000e7400000|  0%| F|  |TAMS 0x00000000e7300000, 0x00000000e7300000| Untracked 
| 116|0x00000000e7400000, 0x00000000e7400000, 0x00000000e7500000|  0%| F|  |TAMS 0x00000000e7400000, 0x00000000e7400000| Untracked 
| 117|0x00000000e7500000, 0x00000000e7500000, 0x00000000e7600000|  0%| F|  |TAMS 0x00000000e7500000, 0x00000000e7500000| Untracked 
| 118|0x00000000e7600000, 0x00000000e7600000, 0x00000000e7700000|  0%| F|  |TAMS 0x00000000e7600000, 0x00000000e7600000| Untracked 
| 119|0x00000000e7700000, 0x00000000e7700000, 0x00000000e7800000|  0%| F|  |TAMS 0x00000000e7700000, 0x00000000e7700000| Untracked 
| 120|0x00000000e7800000, 0x00000000e7800000, 0x00000000e7900000|  0%| F|  |TAMS 0x00000000e7800000, 0x00000000e7800000| Untracked 
| 121|0x00000000e7900000, 0x00000000e7900000, 0x00000000e7a00000|  0%| F|  |TAMS 0x00000000e7900000, 0x00000000e7900000| Untracked 
| 122|0x00000000e7a00000, 0x00000000e7a00000, 0x00000000e7b00000|  0%| F|  |TAMS 0x00000000e7a00000, 0x00000000e7a00000| Untracked 
| 123|0x00000000e7b00000, 0x00000000e7b00000, 0x00000000e7c00000|  0%| F|  |TAMS 0x00000000e7b00000, 0x00000000e7b00000| Untracked 
| 124|0x00000000e7c00000, 0x00000000e7c00000, 0x00000000e7d00000|  0%| F|  |TAMS 0x00000000e7c00000, 0x00000000e7c00000| Untracked 
| 125|0x00000000e7d00000, 0x00000000e7d00000, 0x00000000e7e00000|  0%| F|  |TAMS 0x00000000e7d00000, 0x00000000e7d00000| Untracked 
| 126|0x00000000e7e00000, 0x00000000e7e00000, 0x00000000e7f00000|  0%| F|  |TAMS 0x00000000e7e00000, 0x00000000e7e00000| Untracked 
| 127|0x00000000e7f00000, 0x00000000e7f00000, 0x00000000e8000000|  0%| F|  |TAMS 0x00000000e7f00000, 0x00000000e7f00000| Untracked 
| 128|0x00000000e8000000, 0x00000000e8000000, 0x00000000e8100000|  0%| F|  |TAMS 0x00000000e8000000, 0x00000000e8000000| Untracked 
| 129|0x00000000e8100000, 0x00000000e8100000, 0x00000000e8200000|  0%| F|  |TAMS 0x00000000e8100000, 0x00000000e8100000| Untracked 
| 130|0x00000000e8200000, 0x00000000e8200000, 0x00000000e8300000|  0%| F|  |TAMS 0x00000000e8200000, 0x00000000e8200000| Untracked 
| 131|0x00000000e8300000, 0x00000000e8300000, 0x00000000e8400000|  0%| F|  |TAMS 0x00000000e8300000, 0x00000000e8300000| Untracked 
| 132|0x00000000e8400000, 0x00000000e8400000, 0x00000000e8500000|  0%| F|  |TAMS 0x00000000e8400000, 0x00000000e8400000| Untracked 
| 133|0x00000000e8500000, 0x00000000e8500000, 0x00000000e8600000|  0%| F|  |TAMS 0x00000000e8500000, 0x00000000e8500000| Untracked 
| 134|0x00000000e8600000, 0x00000000e8600000, 0x00000000e8700000|  0%| F|  |TAMS 0x00000000e8600000, 0x00000000e8600000| Untracked 
| 135|0x00000000e8700000, 0x00000000e8700000, 0x00000000e8800000|  0%| F|  |TAMS 0x00000000e8700000, 0x00000000e8700000| Untracked 
| 136|0x00000000e8800000, 0x00000000e8800000, 0x00000000e8900000|  0%| F|  |TAMS 0x00000000e8800000, 0x00000000e8800000| Untracked 
| 137|0x00000000e8900000, 0x00000000e8900000, 0x00000000e8a00000|  0%| F|  |TAMS 0x00000000e8900000, 0x00000000e8900000| Untracked 
| 138|0x00000000e8a00000, 0x00000000e8a00000, 0x00000000e8b00000|  0%| F|  |TAMS 0x00000000e8a00000, 0x00000000e8a00000| Untracked 
| 139|0x00000000e8b00000, 0x00000000e8b00000, 0x00000000e8c00000|  0%| F|  |TAMS 0x00000000e8b00000, 0x00000000e8b00000| Untracked 
| 140|0x00000000e8c00000, 0x00000000e8c00000, 0x00000000e8d00000|  0%| F|  |TAMS 0x00000000e8c00000, 0x00000000e8c00000| Untracked 
| 141|0x00000000e8d00000, 0x00000000e8d00000, 0x00000000e8e00000|  0%| F|  |TAMS 0x00000000e8d00000, 0x00000000e8d00000| Untracked 
| 142|0x00000000e8e00000, 0x00000000e8e00000, 0x00000000e8f00000|  0%| F|  |TAMS 0x00000000e8e00000, 0x00000000e8e00000| Untracked 
| 143|0x00000000e8f00000, 0x00000000e8f00000, 0x00000000e9000000|  0%| F|  |TAMS 0x00000000e8f00000, 0x00000000e8f00000| Untracked 
| 144|0x00000000e9000000, 0x00000000e9000000, 0x00000000e9100000|  0%| F|  |TAMS 0x00000000e9000000, 0x00000000e9000000| Untracked 
| 145|0x00000000e9100000, 0x00000000e9100000, 0x00000000e9200000|  0%| F|  |TAMS 0x00000000e9100000, 0x00000000e9100000| Untracked 
| 146|0x00000000e9200000, 0x00000000e9200000, 0x00000000e9300000|  0%| F|  |TAMS 0x00000000e9200000, 0x00000000e9200000| Untracked 
| 147|0x00000000e9300000, 0x00000000e9300000, 0x00000000e9400000|  0%| F|  |TAMS 0x00000000e9300000, 0x00000000e9300000| Untracked 
| 148|0x00000000e9400000, 0x00000000e9400000, 0x00000000e9500000|  0%| F|  |TAMS 0x00000000e9400000, 0x00000000e9400000| Untracked 
| 149|0x00000000e9500000, 0x00000000e9500000, 0x00000000e9600000|  0%| F|  |TAMS 0x00000000e9500000, 0x00000000e9500000| Untracked 
| 150|0x00000000e9600000, 0x00000000e9600000, 0x00000000e9700000|  0%| F|  |TAMS 0x00000000e9600000, 0x00000000e9600000| Untracked 
| 151|0x00000000e9700000, 0x00000000e9700000, 0x00000000e9800000|  0%| F|  |TAMS 0x00000000e9700000, 0x00000000e9700000| Untracked 
| 152|0x00000000e9800000, 0x00000000e9800000, 0x00000000e9900000|  0%| F|  |TAMS 0x00000000e9800000, 0x00000000e9800000| Untracked 
| 153|0x00000000e9900000, 0x00000000e9900000, 0x00000000e9a00000|  0%| F|  |TAMS 0x00000000e9900000, 0x00000000e9900000| Untracked 
| 154|0x00000000e9a00000, 0x00000000e9a00000, 0x00000000e9b00000|  0%| F|  |TAMS 0x00000000e9a00000, 0x00000000e9a00000| Untracked 
| 155|0x00000000e9b00000, 0x00000000e9b00000, 0x00000000e9c00000|  0%| F|  |TAMS 0x00000000e9b00000, 0x00000000e9b00000| Untracked 
| 156|0x00000000e9c00000, 0x00000000e9c00000, 0x00000000e9d00000|  0%| F|  |TAMS 0x00000000e9c00000, 0x00000000e9c00000| Untracked 
| 157|0x00000000e9d00000, 0x00000000e9d00000, 0x00000000e9e00000|  0%| F|  |TAMS 0x00000000e9d00000, 0x00000000e9d00000| Untracked 
| 158|0x00000000e9e00000, 0x00000000e9e00000, 0x00000000e9f00000|  0%| F|  |TAMS 0x00000000e9e00000, 0x00000000e9e00000| Untracked 
| 159|0x00000000e9f00000, 0x00000000e9f00000, 0x00000000ea000000|  0%| F|  |TAMS 0x00000000e9f00000, 0x00000000e9f00000| Untracked 
| 160|0x00000000ea000000, 0x00000000ea000000, 0x00000000ea100000|  0%| F|  |TAMS 0x00000000ea000000, 0x00000000ea000000| Untracked 
| 161|0x00000000ea100000, 0x00000000ea100000, 0x00000000ea200000|  0%| F|  |TAMS 0x00000000ea100000, 0x00000000ea100000| Untracked 
| 162|0x00000000ea200000, 0x00000000ea200000, 0x00000000ea300000|  0%| F|  |TAMS 0x00000000ea200000, 0x00000000ea200000| Untracked 
| 163|0x00000000ea300000, 0x00000000ea300000, 0x00000000ea400000|  0%| F|  |TAMS 0x00000000ea300000, 0x00000000ea300000| Untracked 
| 164|0x00000000ea400000, 0x00000000ea400000, 0x00000000ea500000|  0%| F|  |TAMS 0x00000000ea400000, 0x00000000ea400000| Untracked 
| 165|0x00000000ea500000, 0x00000000ea500000, 0x00000000ea600000|  0%| F|  |TAMS 0x00000000ea500000, 0x00000000ea500000| Untracked 
| 166|0x00000000ea600000, 0x00000000ea600000, 0x00000000ea700000|  0%| F|  |TAMS 0x00000000ea600000, 0x00000000ea600000| Untracked 
| 167|0x00000000ea700000, 0x00000000ea700000, 0x00000000ea800000|  0%| F|  |TAMS 0x00000000ea700000, 0x00000000ea700000| Untracked 
| 168|0x00000000ea800000, 0x00000000ea800000, 0x00000000ea900000|  0%| F|  |TAMS 0x00000000ea800000, 0x00000000ea800000| Untracked 
| 169|0x00000000ea900000, 0x00000000ea900000, 0x00000000eaa00000|  0%| F|  |TAMS 0x00000000ea900000, 0x00000000ea900000| Untracked 
| 170|0x00000000eaa00000, 0x00000000eaa00000, 0x00000000eab00000|  0%| F|  |TAMS 0x00000000eaa00000, 0x00000000eaa00000| Untracked 
| 171|0x00000000eab00000, 0x00000000eab00000, 0x00000000eac00000|  0%| F|  |TAMS 0x00000000eab00000, 0x00000000eab00000| Untracked 
| 172|0x00000000eac00000, 0x00000000eac00000, 0x00000000ead00000|  0%| F|  |TAMS 0x00000000eac00000, 0x00000000eac00000| Untracked 
| 173|0x00000000ead00000, 0x00000000ead00000, 0x00000000eae00000|  0%| F|  |TAMS 0x00000000ead00000, 0x00000000ead00000| Untracked 
| 174|0x00000000eae00000, 0x00000000eae00000, 0x00000000eaf00000|  0%| F|  |TAMS 0x00000000eae00000, 0x00000000eae00000| Untracked 
| 175|0x00000000eaf00000, 0x00000000eaf00000, 0x00000000eb000000|  0%| F|  |TAMS 0x00000000eaf00000, 0x00000000eaf00000| Untracked 
| 176|0x00000000eb000000, 0x00000000eb000000, 0x00000000eb100000|  0%| F|  |TAMS 0x00000000eb000000, 0x00000000eb000000| Untracked 
| 177|0x00000000eb100000, 0x00000000eb100000, 0x00000000eb200000|  0%| F|  |TAMS 0x00000000eb100000, 0x00000000eb100000| Untracked 
| 178|0x00000000eb200000, 0x00000000eb200000, 0x00000000eb300000|  0%| F|  |TAMS 0x00000000eb200000, 0x00000000eb200000| Untracked 
| 179|0x00000000eb300000, 0x00000000eb300000, 0x00000000eb400000|  0%| F|  |TAMS 0x00000000eb300000, 0x00000000eb300000| Untracked 
| 180|0x00000000eb400000, 0x00000000eb400000, 0x00000000eb500000|  0%| F|  |TAMS 0x00000000eb400000, 0x00000000eb400000| Untracked 
| 181|0x00000000eb500000, 0x00000000eb500000, 0x00000000eb600000|  0%| F|  |TAMS 0x00000000eb500000, 0x00000000eb500000| Untracked 
| 182|0x00000000eb600000, 0x00000000eb600000, 0x00000000eb700000|  0%| F|  |TAMS 0x00000000eb600000, 0x00000000eb600000| Untracked 
| 183|0x00000000eb700000, 0x00000000eb700000, 0x00000000eb800000|  0%| F|  |TAMS 0x00000000eb700000, 0x00000000eb700000| Untracked 
| 184|0x00000000eb800000, 0x00000000eb800000, 0x00000000eb900000|  0%| F|  |TAMS 0x00000000eb800000, 0x00000000eb800000| Untracked 
| 185|0x00000000eb900000, 0x00000000eb900000, 0x00000000eba00000|  0%| F|  |TAMS 0x00000000eb900000, 0x00000000eb900000| Untracked 
| 186|0x00000000eba00000, 0x00000000eba00000, 0x00000000ebb00000|  0%| F|  |TAMS 0x00000000eba00000, 0x00000000eba00000| Untracked 
| 187|0x00000000ebb00000, 0x00000000ebb00000, 0x00000000ebc00000|  0%| F|  |TAMS 0x00000000ebb00000, 0x00000000ebb00000| Untracked 
| 188|0x00000000ebc00000, 0x00000000ebc00000, 0x00000000ebd00000|  0%| F|  |TAMS 0x00000000ebc00000, 0x00000000ebc00000| Untracked 
| 189|0x00000000ebd00000, 0x00000000ebd00000, 0x00000000ebe00000|  0%| F|  |TAMS 0x00000000ebd00000, 0x00000000ebd00000| Untracked 
| 190|0x00000000ebe00000, 0x00000000ebe00000, 0x00000000ebf00000|  0%| F|  |TAMS 0x00000000ebe00000, 0x00000000ebe00000| Untracked 
| 191|0x00000000ebf00000, 0x00000000ebf00000, 0x00000000ec000000|  0%| F|  |TAMS 0x00000000ebf00000, 0x00000000ebf00000| Untracked 
| 192|0x00000000ec000000, 0x00000000ec000000, 0x00000000ec100000|  0%| F|  |TAMS 0x00000000ec000000, 0x00000000ec000000| Untracked 
| 193|0x00000000ec100000, 0x00000000ec100000, 0x00000000ec200000|  0%| F|  |TAMS 0x00000000ec100000, 0x00000000ec100000| Untracked 
| 194|0x00000000ec200000, 0x00000000ec200000, 0x00000000ec300000|  0%| F|  |TAMS 0x00000000ec200000, 0x00000000ec200000| Untracked 
| 195|0x00000000ec300000, 0x00000000ec300000, 0x00000000ec400000|  0%| F|  |TAMS 0x00000000ec300000, 0x00000000ec300000| Untracked 
| 196|0x00000000ec400000, 0x00000000ec400000, 0x00000000ec500000|  0%| F|  |TAMS 0x00000000ec400000, 0x00000000ec400000| Untracked 
| 197|0x00000000ec500000, 0x00000000ec500000, 0x00000000ec600000|  0%| F|  |TAMS 0x00000000ec500000, 0x00000000ec500000| Untracked 
| 198|0x00000000ec600000, 0x00000000ec600000, 0x00000000ec700000|  0%| F|  |TAMS 0x00000000ec600000, 0x00000000ec600000| Untracked 
| 199|0x00000000ec700000, 0x00000000ec780800, 0x00000000ec800000| 50%| E|  |TAMS 0x00000000ec700000, 0x00000000ec700000| Complete 
| 200|0x00000000ec800000, 0x00000000ec900000, 0x00000000ec900000|100%| E|CS|TAMS 0x00000000ec800000, 0x00000000ec800000| Complete 
| 201|0x00000000ec900000, 0x00000000eca00000, 0x00000000eca00000|100%| E|CS|TAMS 0x00000000ec900000, 0x00000000ec900000| Complete 
| 202|0x00000000eca00000, 0x00000000ecb00000, 0x00000000ecb00000|100%| E|CS|TAMS 0x00000000eca00000, 0x00000000eca00000| Complete 
| 203|0x00000000ecb00000, 0x00000000ecc00000, 0x00000000ecc00000|100%| E|CS|TAMS 0x00000000ecb00000, 0x00000000ecb00000| Complete 
| 204|0x00000000ecc00000, 0x00000000ecd00000, 0x00000000ecd00000|100%| E|CS|TAMS 0x00000000ecc00000, 0x00000000ecc00000| Complete 
| 205|0x00000000ecd00000, 0x00000000ece00000, 0x00000000ece00000|100%| E|CS|TAMS 0x00000000ecd00000, 0x00000000ecd00000| Complete 
| 206|0x00000000ece00000, 0x00000000ecf00000, 0x00000000ecf00000|100%| E|CS|TAMS 0x00000000ece00000, 0x00000000ece00000| Complete 
| 207|0x00000000ecf00000, 0x00000000ed000000, 0x00000000ed000000|100%| E|CS|TAMS 0x00000000ecf00000, 0x00000000ecf00000| Complete 
| 208|0x00000000ed000000, 0x00000000ed100000, 0x00000000ed100000|100%| E|CS|TAMS 0x00000000ed000000, 0x00000000ed000000| Complete 
| 209|0x00000000ed100000, 0x00000000ed200000, 0x00000000ed200000|100%| E|CS|TAMS 0x00000000ed100000, 0x00000000ed100000| Complete 
| 210|0x00000000ed200000, 0x00000000ed300000, 0x00000000ed300000|100%| E|CS|TAMS 0x00000000ed200000, 0x00000000ed200000| Complete 
| 211|0x00000000ed300000, 0x00000000ed400000, 0x00000000ed400000|100%| E|CS|TAMS 0x00000000ed300000, 0x00000000ed300000| Complete 
| 212|0x00000000ed400000, 0x00000000ed500000, 0x00000000ed500000|100%| E|CS|TAMS 0x00000000ed400000, 0x00000000ed400000| Complete 
| 213|0x00000000ed500000, 0x00000000ed600000, 0x00000000ed600000|100%| E|CS|TAMS 0x00000000ed500000, 0x00000000ed500000| Complete 
| 214|0x00000000ed600000, 0x00000000ed700000, 0x00000000ed700000|100%| E|CS|TAMS 0x00000000ed600000, 0x00000000ed600000| Complete 
| 215|0x00000000ed700000, 0x00000000ed800000, 0x00000000ed800000|100%| E|CS|TAMS 0x00000000ed700000, 0x00000000ed700000| Complete 
| 216|0x00000000ed800000, 0x00000000ed900000, 0x00000000ed900000|100%| E|CS|TAMS 0x00000000ed800000, 0x00000000ed800000| Complete 
| 217|0x00000000ed900000, 0x00000000eda00000, 0x00000000eda00000|100%| E|CS|TAMS 0x00000000ed900000, 0x00000000ed900000| Complete 
| 218|0x00000000eda00000, 0x00000000edb00000, 0x00000000edb00000|100%| E|  |TAMS 0x00000000eda00000, 0x00000000eda00000| Complete 
| 219|0x00000000edb00000, 0x00000000edc00000, 0x00000000edc00000|100%| E|CS|TAMS 0x00000000edb00000, 0x00000000edb00000| Complete 
| 220|0x00000000edc00000, 0x00000000edd00000, 0x00000000edd00000|100%| E|CS|TAMS 0x00000000edc00000, 0x00000000edc00000| Complete 
| 221|0x00000000edd00000, 0x00000000eddaae60, 0x00000000ede00000| 66%| S|CS|TAMS 0x00000000edd00000, 0x00000000edd00000| Complete 
| 222|0x00000000ede00000, 0x00000000edf00000, 0x00000000edf00000|100%| S|CS|TAMS 0x00000000ede00000, 0x00000000ede00000| Complete 
| 223|0x00000000edf00000, 0x00000000ee000000, 0x00000000ee000000|100%| S|CS|TAMS 0x00000000edf00000, 0x00000000edf00000| Complete 
| 224|0x00000000ee000000, 0x00000000ee100000, 0x00000000ee100000|100%| E|CS|TAMS 0x00000000ee000000, 0x00000000ee000000| Complete 
| 225|0x00000000ee100000, 0x00000000ee200000, 0x00000000ee200000|100%| E|CS|TAMS 0x00000000ee100000, 0x00000000ee100000| Complete 
| 226|0x00000000ee200000, 0x00000000ee300000, 0x00000000ee300000|100%| E|CS|TAMS 0x00000000ee200000, 0x00000000ee200000| Complete 
| 227|0x00000000ee300000, 0x00000000ee400000, 0x00000000ee400000|100%| E|CS|TAMS 0x00000000ee300000, 0x00000000ee300000| Complete 
| 228|0x00000000ee400000, 0x00000000ee500000, 0x00000000ee500000|100%| E|CS|TAMS 0x00000000ee400000, 0x00000000ee400000| Complete 
| 229|0x00000000ee500000, 0x00000000ee600000, 0x00000000ee600000|100%| E|CS|TAMS 0x00000000ee500000, 0x00000000ee500000| Complete 
| 230|0x00000000ee600000, 0x00000000ee700000, 0x00000000ee700000|100%| E|CS|TAMS 0x00000000ee600000, 0x00000000ee600000| Complete 
| 231|0x00000000ee700000, 0x00000000ee800000, 0x00000000ee800000|100%| E|CS|TAMS 0x00000000ee700000, 0x00000000ee700000| Complete 
| 232|0x00000000ee800000, 0x00000000ee900000, 0x00000000ee900000|100%| E|CS|TAMS 0x00000000ee800000, 0x00000000ee800000| Complete 
| 233|0x00000000ee900000, 0x00000000eea00000, 0x00000000eea00000|100%| E|CS|TAMS 0x00000000ee900000, 0x00000000ee900000| Complete 
| 234|0x00000000eea00000, 0x00000000eeb00000, 0x00000000eeb00000|100%| E|CS|TAMS 0x00000000eea00000, 0x00000000eea00000| Complete 
| 235|0x00000000eeb00000, 0x00000000eec00000, 0x00000000eec00000|100%| E|CS|TAMS 0x00000000eeb00000, 0x00000000eeb00000| Complete 
| 236|0x00000000eec00000, 0x00000000eed00000, 0x00000000eed00000|100%| E|CS|TAMS 0x00000000eec00000, 0x00000000eec00000| Complete 
| 237|0x00000000eed00000, 0x00000000eee00000, 0x00000000eee00000|100%| E|CS|TAMS 0x00000000eed00000, 0x00000000eed00000| Complete 
| 238|0x00000000eee00000, 0x00000000eef00000, 0x00000000eef00000|100%| E|CS|TAMS 0x00000000eee00000, 0x00000000eee00000| Complete 
| 239|0x00000000eef00000, 0x00000000ef000000, 0x00000000ef000000|100%| E|CS|TAMS 0x00000000eef00000, 0x00000000eef00000| Complete 
| 240|0x00000000ef000000, 0x00000000ef100000, 0x00000000ef100000|100%| E|CS|TAMS 0x00000000ef000000, 0x00000000ef000000| Complete 
| 241|0x00000000ef100000, 0x00000000ef200000, 0x00000000ef200000|100%| E|CS|TAMS 0x00000000ef100000, 0x00000000ef100000| Complete 
| 242|0x00000000ef200000, 0x00000000ef300000, 0x00000000ef300000|100%| E|CS|TAMS 0x00000000ef200000, 0x00000000ef200000| Complete 
| 243|0x00000000ef300000, 0x00000000ef400000, 0x00000000ef400000|100%| E|CS|TAMS 0x00000000ef300000, 0x00000000ef300000| Complete 
| 244|0x00000000ef400000, 0x00000000ef500000, 0x00000000ef500000|100%| E|CS|TAMS 0x00000000ef400000, 0x00000000ef400000| Complete 
| 245|0x00000000ef500000, 0x00000000ef600000, 0x00000000ef600000|100%| E|CS|TAMS 0x00000000ef500000, 0x00000000ef500000| Complete 
| 246|0x00000000ef600000, 0x00000000ef700000, 0x00000000ef700000|100%| E|CS|TAMS 0x00000000ef600000, 0x00000000ef600000| Complete 
| 247|0x00000000ef700000, 0x00000000ef800000, 0x00000000ef800000|100%| E|CS|TAMS 0x00000000ef700000, 0x00000000ef700000| Complete 
| 248|0x00000000ef800000, 0x00000000ef900000, 0x00000000ef900000|100%| E|CS|TAMS 0x00000000ef800000, 0x00000000ef800000| Complete 
| 249|0x00000000ef900000, 0x00000000efa00000, 0x00000000efa00000|100%| E|CS|TAMS 0x00000000ef900000, 0x00000000ef900000| Complete 
| 250|0x00000000efa00000, 0x00000000efb00000, 0x00000000efb00000|100%| E|CS|TAMS 0x00000000efa00000, 0x00000000efa00000| Complete 
| 251|0x00000000efb00000, 0x00000000efc00000, 0x00000000efc00000|100%| E|CS|TAMS 0x00000000efb00000, 0x00000000efb00000| Complete 
| 252|0x00000000efc00000, 0x00000000efd00000, 0x00000000efd00000|100%| E|CS|TAMS 0x00000000efc00000, 0x00000000efc00000| Complete 
| 253|0x00000000efd00000, 0x00000000efe00000, 0x00000000efe00000|100%| E|CS|TAMS 0x00000000efd00000, 0x00000000efd00000| Complete 
| 254|0x00000000efe00000, 0x00000000eff00000, 0x00000000eff00000|100%| E|CS|TAMS 0x00000000efe00000, 0x00000000efe00000| Complete 
| 255|0x00000000eff00000, 0x00000000f0000000, 0x00000000f0000000|100%| E|CS|TAMS 0x00000000eff00000, 0x00000000eff00000| Complete 

Card table byte_map: [0x000002c2dc690000,0x000002c2dc790000] _byte_map_base: 0x000002c2dbf90000

Marking Bits (Prev, Next): (CMBitMap*) 0x000002c2c4e7fdf8, (CMBitMap*) 0x000002c2c4e7fdb8
 Prev Bits: [0x000002c2dd090000, 0x000002c2dd890000)
 Next Bits: [0x000002c2dc890000, 0x000002c2dd090000)

Polling page: 0x000002c2c2ca0000

Metaspace:

Usage:
  Non-class:     26.43 MB capacity,    25.98 MB ( 98%) used,   418.87 KB (  2%) free+waste,    48.94 KB ( <1%) overhead. 
      Class:      4.36 MB capacity,     4.15 MB ( 95%) used,   188.50 KB (  4%) free+waste,    23.75 KB ( <1%) overhead. 
       Both:     30.79 MB capacity,    30.13 MB ( 98%) used,   607.37 KB (  2%) free+waste,    72.69 KB ( <1%) overhead. 

Virtual space:
  Non-class space:       28.00 MB reserved,      26.67 MB ( 95%) committed 
      Class space:      248.00 MB reserved,       4.38 MB (  2%) committed 
             Both:      276.00 MB reserved,      31.05 MB ( 11%) committed 

Chunk freelists:
   Non-Class:  6.38 KB
       Class:  1.88 KB
        Both:  8.25 KB

CodeHeap 'non-profiled nmethods': size=120000Kb used=1451Kb max_used=1451Kb free=118548Kb
 bounds [0x000002c2d4d20000, 0x000002c2d4f90000, 0x000002c2dc250000]
CodeHeap 'profiled nmethods': size=120000Kb used=6116Kb max_used=6116Kb free=113883Kb
 bounds [0x000002c2cd7f0000, 0x000002c2cddf0000, 0x000002c2d4d20000]
CodeHeap 'non-nmethods': size=5760Kb used=2220Kb max_used=2265Kb free=3539Kb
 bounds [0x000002c2cd250000, 0x000002c2cd4c0000, 0x000002c2cd7f0000]
 total_blobs=4443 nmethods=2791 adapters=680
 compilation: enabled
              stopped_count=0, restarted_count=0
 full_count=0

Compilation events (10 events):
Event: 3.541 Thread 0x000002c2e0304800 nmethod 2981 0x000002c2cddd6190 code [0x000002c2cddd6340, 0x000002c2cddd64f8]
Event: 3.541 Thread 0x000002c2e0304800 2983       3       com.google.common.collect.CollectPreconditions::checkNonnegative (37 bytes)
Event: 3.542 Thread 0x000002c2e0304800 nmethod 2983 0x000002c2cddd6590 code [0x000002c2cddd6820, 0x000002c2cddd71b0]
Event: 3.545 Thread 0x000002c2e0304800 2984       1       com.google.common.base.Suppliers$SupplierOfInstance::get (5 bytes)
Event: 3.545 Thread 0x000002c2e0304800 nmethod 2984 0x000002c2d4e8a090 code [0x000002c2d4e8a240, 0x000002c2d4e8a378]
Event: 3.549 Thread 0x000002c2e0304800 2985       3       java.lang.Class::getGenericSuperclass (28 bytes)
Event: 3.550 Thread 0x000002c2e0304800 nmethod 2985 0x000002c2cddd7510 code [0x000002c2cddd7780, 0x000002c2cddd81e0]
Event: 3.551 Thread 0x000002c2e0304800 2987       3       com.google.common.reflect.TypeResolver$TypeMappingIntrospector::map (92 bytes)
Event: 3.552 Thread 0x000002c2e0304800 nmethod 2987 0x000002c2cddd8510 code [0x000002c2cddd8840, 0x000002c2cddda310]
Event: 3.552 Thread 0x000002c2e0304800 2986       3       com.google.common.reflect.TypeResolver$TypeMappingIntrospector::visitParameterizedType (105 bytes)

GC Heap History (6 events):
Event: 0.543 GC heap before
{Heap before GC invocations=0 (full 0):
 garbage-first heap   total 262144K, used 28672K [0x00000000e0000000, 0x0000000100000000)
  region size 1024K, 24 young (24576K), 0 survivors (0K)
 Metaspace       used 3655K, capacity 6501K, committed 6656K, reserved 262144K
  class space    used 475K, capacity 762K, committed 768K, reserved 253952K
}
Event: 0.548 GC heap after
{Heap after GC invocations=1 (full 0):
 garbage-first heap   total 262144K, used 7556K [0x00000000e0000000, 0x0000000100000000)
  region size 1024K, 3 young (3072K), 3 survivors (3072K)
 Metaspace       used 3655K, capacity 6501K, committed 6656K, reserved 262144K
  class space    used 475K, capacity 762K, committed 768K, reserved 253952K
}
Event: 2.492 GC heap before
{Heap before GC invocations=1 (full 0):
 garbage-first heap   total 262144K, used 139652K [0x00000000e0000000, 0x0000000100000000)
  region size 1024K, 126 young (129024K), 3 survivors (3072K)
 Metaspace       used 20620K, capacity 21181K, committed 21296K, reserved 272384K
  class space    used 2946K, capacity 3159K, committed 3200K, reserved 253952K
}
Event: 2.502 GC heap after
{Heap after GC invocations=2 (full 0):
 garbage-first heap   total 262144K, used 27064K [0x00000000e0000000, 0x0000000100000000)
  region size 1024K, 15 young (15360K), 15 survivors (15360K)
 Metaspace       used 20620K, capacity 21181K, committed 21296K, reserved 272384K
  class space    used 2946K, capacity 3159K, committed 3200K, reserved 253952K
}
Event: 2.921 GC heap before
{Heap before GC invocations=3 (full 0):
 garbage-first heap   total 262144K, used 61880K [0x00000000e0000000, 0x0000000100000000)
  region size 1024K, 47 young (48128K), 15 survivors (15360K)
 Metaspace       used 25431K, capacity 26016K, committed 26288K, reserved 276480K
  class space    used 3508K, capacity 3724K, committed 3840K, reserved 253952K
}
Event: 2.931 GC heap after
{Heap after GC invocations=4 (full 0):
 garbage-first heap   total 262144K, used 29686K [0x00000000e0000000, 0x0000000100000000)
  region size 1024K, 3 young (3072K), 3 survivors (3072K)
 Metaspace       used 25431K, capacity 26016K, committed 26288K, reserved 276480K
  class space    used 3508K, capacity 3724K, committed 3840K, reserved 253952K
}

Deoptimization events (10 events):
Event: 2.328 Thread 0x000002c2e25b9000 Uncommon trap: reason=bimorphic_or_optimized_type_check action=maybe_recompile pc=0x000002c2d4dff3e8 method=java.io.BufferedInputStream.read([BII)I @ 101 c2
Event: 2.474 Thread 0x000002c2e25b9000 Uncommon trap: reason=profile_predicate action=maybe_recompile pc=0x000002c2d4e23964 method=java.lang.PublicMethods$MethodList.filter([Ljava/lang/reflect/Method;Ljava/lang/String;[Ljava/lang/Class;Z)Ljava/lang/PublicMethods$MethodList; @ 21 c2
Event: 2.474 Thread 0x000002c2e25b9000 Uncommon trap: reason=profile_predicate action=maybe_recompile pc=0x000002c2d4e23964 method=java.lang.PublicMethods$MethodList.filter([Ljava/lang/reflect/Method;Ljava/lang/String;[Ljava/lang/Class;Z)Ljava/lang/PublicMethods$MethodList; @ 21 c2
Event: 2.514 Thread 0x000002c2e25b9000 Uncommon trap: reason=profile_predicate action=maybe_recompile pc=0x000002c2d4e23964 method=java.lang.PublicMethods$MethodList.filter([Ljava/lang/reflect/Method;Ljava/lang/String;[Ljava/lang/Class;Z)Ljava/lang/PublicMethods$MethodList; @ 21 c2
Event: 2.515 Thread 0x000002c2e25b9000 Uncommon trap: reason=profile_predicate action=maybe_recompile pc=0x000002c2d4e23964 method=java.lang.PublicMethods$MethodList.filter([Ljava/lang/reflect/Method;Ljava/lang/String;[Ljava/lang/Class;Z)Ljava/lang/PublicMethods$MethodList; @ 21 c2
Event: 2.766 Thread 0x000002c2e25b9000 Uncommon trap: reason=unstable_if action=reinterpret pc=0x000002c2d4db307c method=java.util.HashMap.hash(Ljava/lang/Object;)I @ 1 c2
Event: 3.078 Thread 0x000002c2e25b9000 Uncommon trap: reason=unstable_if action=reinterpret pc=0x000002c2d4d66ebc method=java.util.HashMap.getNode(ILjava/lang/Object;)Ljava/util/HashMap$Node; @ 129 c2
Event: 3.078 Thread 0x000002c2e25b9000 Uncommon trap: reason=bimorphic_or_optimized_type_check action=maybe_recompile pc=0x000002c2d4ddd60c method=java.util.HashMap.putVal(ILjava/lang/Object;Ljava/lang/Object;ZZ)Ljava/lang/Object; @ 203 c2
Event: 3.147 Thread 0x000002c2e25b9000 Uncommon trap: reason=bimorphic_or_optimized_type_check action=maybe_recompile pc=0x000002c2d4ddd60c method=java.util.HashMap.putVal(ILjava/lang/Object;Ljava/lang/Object;ZZ)Ljava/lang/Object; @ 203 c2
Event: 3.492 Thread 0x000002c2e25b9000 Uncommon trap: reason=unstable_if action=reinterpret pc=0x000002c2d4e60954 method=java.util.Arrays.hashCode([Ljava/lang/Object;)I @ 34 c2

Classes redefined (0 events):
No events

Internal exceptions (10 events):
Event: 3.422 Thread 0x000002c2e25b9000 Exception <a 'java/lang/ClassNotFoundException'{0x00000000ed4dd4a8}: java/util/AbstractCollectionCustomizer> (0x00000000ed4dd4a8) thrown at [t:/workspace/open/src/hotspot/share/classfile/systemDictionary.cpp, line 235]
Event: 3.424 Thread 0x000002c2e25b9000 Exception <a 'java/lang/ClassNotFoundException'{0x00000000ed4eddc8}: java/util/AbstractSetCustomizer> (0x00000000ed4eddc8) thrown at [t:/workspace/open/src/hotspot/share/classfile/systemDictionary.cpp, line 235]
Event: 3.424 Thread 0x000002c2e25b9000 Exception <a 'java/lang/ClassNotFoundException'{0x00000000ed4f9970}: java/util/HashSetCustomizer> (0x00000000ed4f9970) thrown at [t:/workspace/open/src/hotspot/share/classfile/systemDictionary.cpp, line 235]
Event: 3.437 Thread 0x000002c2e25b9000 Exception <a 'java/lang/ClassNotFoundException'{0x00000000ed3d69e8}: org/gradle/invocation/DefaultGradle_DecoratedBeanInfo> (0x00000000ed3d69e8) thrown at [t:/workspace/open/src/hotspot/share/classfile/systemDictionary.cpp, line 235]
Event: 3.438 Thread 0x000002c2e25b9000 Exception <a 'java/lang/ClassNotFoundException'{0x00000000ed3f2cb8}: org/gradle/invocation/DefaultGradleBeanInfo> (0x00000000ed3f2cb8) thrown at [t:/workspace/open/src/hotspot/share/classfile/systemDictionary.cpp, line 235]
Event: 3.439 Thread 0x000002c2e25b9000 Exception <a 'java/lang/ClassNotFoundException'{0x00000000ed212078}: org/gradle/api/internal/project/AbstractPluginAwareBeanInfo> (0x00000000ed212078) thrown at [t:/workspace/open/src/hotspot/share/classfile/systemDictionary.cpp, line 235]
Event: 3.440 Thread 0x000002c2e25b9000 Exception <a 'java/lang/ClassNotFoundException'{0x00000000ed230fa0}: org/gradle/api/internal/project/AbstractPluginAwareCustomizer> (0x00000000ed230fa0) thrown at [t:/workspace/open/src/hotspot/share/classfile/systemDictionary.cpp, line 235]
Event: 3.442 Thread 0x000002c2e25b9000 Exception <a 'java/lang/ClassNotFoundException'{0x00000000ed253390}: org/gradle/invocation/DefaultGradleCustomizer> (0x00000000ed253390) thrown at [t:/workspace/open/src/hotspot/share/classfile/systemDictionary.cpp, line 235]
Event: 3.446 Thread 0x000002c2e25b9000 Exception <a 'java/lang/ClassNotFoundException'{0x00000000ed2a2088}: org/gradle/invocation/DefaultGradle_DecoratedCustomizer> (0x00000000ed2a2088) thrown at [t:/workspace/open/src/hotspot/share/classfile/systemDictionary.cpp, line 235]
Event: 3.492 Thread 0x000002c2e25b9000 Implicit null exception at 0x000002c2d4e6088c to 0x000002c2d4e60936

Events (10 events):
Event: 3.551 loading class org/gradle/model/Defaults
Event: 3.551 loading class org/gradle/model/Defaults done
Event: 3.551 loading class org/gradle/model/internal/inspect/MutateModelRuleExtractor
Event: 3.551 loading class org/gradle/model/internal/inspect/MutateModelRuleExtractor done
Event: 3.551 loading class org/gradle/model/Mutate
Event: 3.551 loading class org/gradle/model/Mutate done
Event: 3.552 loading class org/gradle/model/internal/inspect/FinalizeModelRuleExtractor
Event: 3.552 loading class org/gradle/model/internal/inspect/FinalizeModelRuleExtractor done
Event: 3.553 loading class org/gradle/model/Finalize
Event: 3.553 loading class org/gradle/model/Finalize done


Dynamic libraries:
0x00007ff6bd830000 - 0x00007ff6bd83f000 	C:\Program Files\Java\jdk-12.0.1\bin\java.exe
0x00007ff975dd0000 - 0x00007ff975fc1000 	C:\WINDOWS\SYSTEM32\ntdll.dll
0x00007ff9750b0000 - 0x00007ff97516b000 	C:\WINDOWS\System32\KERNEL32.DLL
0x00007ff973550000 - 0x00007ff9737f6000 	C:\WINDOWS\System32\KERNELBASE.dll
0x00007ff970e20000 - 0x00007ff970eb0000 	C:\WINDOWS\SYSTEM32\apphelp.dll
0x00007ff973c50000 - 0x00007ff973d4d000 	C:\WINDOWS\System32\ucrtbase.dll
0x00007ff963550000 - 0x00007ff963568000 	C:\Program Files\Java\jdk-12.0.1\bin\jli.dll
0x00007ff963530000 - 0x00007ff963546000 	C:\Program Files\Java\jdk-12.0.1\bin\VCRUNTIME140.dll
0x00007ff9752a0000 - 0x00007ff975349000 	C:\WINDOWS\System32\ADVAPI32.dll
0x00007ff973e30000 - 0x00007ff973ece000 	C:\WINDOWS\System32\msvcrt.dll
0x00007ff975360000 - 0x00007ff9753fb000 	C:\WINDOWS\System32\sechost.dll
0x00007ff974080000 - 0x00007ff9741a3000 	C:\WINDOWS\System32\RPCRT4.dll
0x00007ff974e30000 - 0x00007ff974fc9000 	C:\WINDOWS\System32\USER32.dll
0x00007ff972d80000 - 0x00007ff972da2000 	C:\WINDOWS\System32\win32u.dll
0x00007ff94ff80000 - 0x00007ff950219000 	C:\WINDOWS\WinSxS\amd64_microsoft.windows.common-controls_6595b64144ccf1df_6.0.18890.1000_none_a67bd625a4d869bf\COMCTL32.dll
0x00007ff974e00000 - 0x00007ff974e29000 	C:\WINDOWS\System32\GDI32.dll
0x00007ff975a40000 - 0x00007ff975d8b000 	C:\WINDOWS\System32\combase.dll
0x00007ff973800000 - 0x00007ff973994000 	C:\WINDOWS\System32\gdi32full.dll
0x00007ff973da0000 - 0x00007ff973e21000 	C:\WINDOWS\System32\bcryptPrimitives.dll
0x00007ff973a50000 - 0x00007ff973aee000 	C:\WINDOWS\System32\msvcp_win.dll
0x00007ff965590000 - 0x00007ff96559a000 	C:\WINDOWS\SYSTEM32\VERSION.dll
0x00007ff975260000 - 0x00007ff975291000 	C:\WINDOWS\System32\IMM32.DLL
0x00007ff949c20000 - 0x00007ff949cca000 	C:\Program Files\Java\jdk-12.0.1\bin\msvcp140.dll
0x00007ff936300000 - 0x00007ff936e74000 	C:\Program Files\Java\jdk-12.0.1\bin\server\jvm.dll
0x00007ff975040000 - 0x00007ff975048000 	C:\WINDOWS\System32\PSAPI.DLL
0x00007ff965fd0000 - 0x00007ff965fd9000 	C:\WINDOWS\SYSTEM32\WSOCK32.dll
0x00007ff9751f0000 - 0x00007ff97525b000 	C:\WINDOWS\System32\WS2_32.dll
0x00007ff955500000 - 0x00007ff955527000 	C:\WINDOWS\SYSTEM32\WINMM.dll
0x00007ff9529f0000 - 0x00007ff952a16000 	C:\WINDOWS\SYSTEM32\WINMMBASE.dll
0x00007ff973d50000 - 0x00007ff973d9e000 	C:\WINDOWS\System32\cfgmgr32.dll
0x00007ff972c40000 - 0x00007ff972c52000 	C:\WINDOWS\System32\kernel.appcore.dll
0x00007ff962e10000 - 0x00007ff962e21000 	C:\Program Files\Java\jdk-12.0.1\bin\verify.dll
0x00007ff971240000 - 0x00007ff971424000 	C:\WINDOWS\SYSTEM32\DBGHELP.DLL
0x00007ff965fe0000 - 0x00007ff96600c000 	C:\WINDOWS\SYSTEM32\dbgcore.DLL
0x00007ff95f880000 - 0x00007ff95f8a6000 	C:\Program Files\Java\jdk-12.0.1\bin\java.dll
0x00007ff962190000 - 0x00007ff9621a7000 	C:\Program Files\Java\jdk-12.0.1\bin\zip.dll
0x00007ff96ae10000 - 0x00007ff96ae1a000 	C:\Program Files\Java\jdk-12.0.1\bin\jimage.dll
0x00007ff974210000 - 0x00007ff9748ef000 	C:\WINDOWS\System32\SHELL32.dll
0x00007ff975970000 - 0x00007ff975a1d000 	C:\WINDOWS\System32\shcore.dll
0x00007ff972db0000 - 0x00007ff973530000 	C:\WINDOWS\System32\windows.storage.dll
0x00007ff972c60000 - 0x00007ff972c80000 	C:\WINDOWS\System32\profapi.dll
0x00007ff972ca0000 - 0x00007ff972ceb000 	C:\WINDOWS\System32\powrprof.dll
0x00007ff972c30000 - 0x00007ff972c3f000 	C:\WINDOWS\System32\UMPDC.dll
0x00007ff975050000 - 0x00007ff9750a5000 	C:\WINDOWS\System32\shlwapi.dll
0x00007ff973530000 - 0x00007ff973548000 	C:\WINDOWS\System32\cryptsp.dll
0x00007ff95ed30000 - 0x00007ff95ed49000 	C:\Program Files\Java\jdk-12.0.1\bin\net.dll
0x00007ff9652f0000 - 0x00007ff9653e9000 	C:\WINDOWS\SYSTEM32\WINHTTP.dll
0x00007ff952cb0000 - 0x00007ff952e96000 	C:\WINDOWS\SYSTEM32\urlmon.dll
0x00007ff956810000 - 0x00007ff956abb000 	C:\WINDOWS\SYSTEM32\iertutil.dll
0x00007ff9725d0000 - 0x00007ff9725dc000 	C:\WINDOWS\SYSTEM32\CRYPTBASE.DLL
0x00007ff972400000 - 0x00007ff97246a000 	C:\WINDOWS\system32\mswsock.dll
0x00007ff95ea70000 - 0x00007ff95ea83000 	C:\Program Files\Java\jdk-12.0.1\bin\nio.dll
0x00007ff95e3d0000 - 0x00007ff95e3f6000 	C:\Users\Dwayne Ewens\.gradle\native\29\windows-amd64\native-platform.dll
0x00007ff9655a0000 - 0x00007ff9655a9000 	C:\Program Files\Java\jdk-12.0.1\bin\management.dll
0x00007ff9653f0000 - 0x00007ff9653fc000 	C:\Program Files\Java\jdk-12.0.1\bin\management_ext.dll
0x00007ff971fc0000 - 0x00007ff971ff4000 	C:\WINDOWS\system32\rsaenh.dll
0x00007ff972cf0000 - 0x00007ff972d17000 	C:\WINDOWS\System32\bcrypt.dll
0x00007ff972b10000 - 0x00007ff972b3a000 	C:\WINDOWS\SYSTEM32\USERENV.dll
0x00007ff972160000 - 0x00007ff97219c000 	C:\WINDOWS\SYSTEM32\IPHLPAPI.DLL
0x00007ff974fd0000 - 0x00007ff974fd8000 	C:\WINDOWS\System32\NSI.dll
0x00007ff96bc30000 - 0x00007ff96bc47000 	C:\WINDOWS\SYSTEM32\dhcpcsvc6.DLL
0x00007ff96bd20000 - 0x00007ff96bd3d000 	C:\WINDOWS\SYSTEM32\dhcpcsvc.DLL
0x00007ff9721a0000 - 0x00007ff972266000 	C:\WINDOWS\SYSTEM32\DNSAPI.dll

dbghelp: loaded successfully - version: 4.0.5 - missing functions: none
symbol engine: initialized successfully - sym options: 0x614 - pdb path: .;C:\Program Files\Java\jdk-12.0.1\bin;C:\WINDOWS\SYSTEM32;C:\WINDOWS\WinSxS\amd64_microsoft.windows.common-controls_6595b64144ccf1df_6.0.18890.1000_none_a67bd625a4d869bf;C:\Program Files\Java\jdk-12.0.1\bin\server;C:\Users\Dwayne Ewens\.gradle\native\29\windows-amd64

VM Arguments:
jvm_args: --add-opens=java.base/java.util=ALL-UNNAMED --add-opens=java.base/java.lang=ALL-UNNAMED --add-opens=java.base/java.lang.invoke=ALL-UNNAMED --add-opens=java.prefs/java.util.prefs=ALL-UNNAMED -XX:MaxMetaspaceSize=256m -XX:+HeapDumpOnOutOfMemoryError -Xms256m -Xmx512m -Dfile.encoding=windows-1252 -Duser.country=US -Duser.language=en -Duser.variant 
java_command: org.gradle.launcher.daemon.bootstrap.GradleDaemon 5.4-20190318164016+0000
java_class_path (initial): C:\Users\Dwayne Ewens\.gradle\wrapper\dists\gradle-5.4-20190318164016+0000-all\7nvkn7g4mpr11vrk36tr7pt31\gradle-5.4-20190318164016+0000\lib\gradle-launcher-5.4.jar
Launcher Type: SUN_STANDARD

[Global flags]
     intx CICompilerCount                          = 4                                         {product} {ergonomic}
   size_t CompressedClassSpaceSize                 = 260046848                                 {product} {ergonomic}
     uint ConcGCThreads                            = 2                                         {product} {ergonomic}
     uint G1ConcRefinementThreads                  = 8                                         {product} {ergonomic}
   size_t G1HeapRegionSize                         = 1048576                                   {product} {ergonomic}
    uintx GCDrainStackTargetSize                   = 64                                        {product} {ergonomic}
     bool HeapDumpOnOutOfMemoryError               = true                                   {manageable} {command line}
   size_t InitialHeapSize                          = 268435456                                 {product} {command line}
   size_t MarkStackSize                            = 4194304                                   {product} {ergonomic}
   size_t MaxHeapSize                              = 536870912                                 {product} {command line}
   size_t MaxMetaspaceSize                         = 268435456                                 {product} {command line}
   size_t MaxNewSize                               = 321912832                                 {product} {ergonomic}
   size_t MinHeapDeltaBytes                        = 1048576                                   {product} {ergonomic}
    uintx NonNMethodCodeHeapSize                   = 5836300                                {pd product} {ergonomic}
    uintx NonProfiledCodeHeapSize                  = 122910970                              {pd product} {ergonomic}
    uintx ProfiledCodeHeapSize                     = 122910970                              {pd product} {ergonomic}
    uintx ReservedCodeCacheSize                    = 251658240                              {pd product} {ergonomic}
     bool SegmentedCodeCache                       = true                                      {product} {ergonomic}
     bool UseCompressedClassPointers               = true                                 {lp64_product} {ergonomic}
     bool UseCompressedOops                        = true                                 {lp64_product} {ergonomic}
     bool UseG1GC                                  = true                                      {product} {ergonomic}
     bool UseLargePagesIndividualAllocation        = false                                  {pd product} {ergonomic}

Logging:
Log output configuration:
 #0: stdout all=warning uptime,level,tags
 #1: stderr all=off uptime,level,tags

Environment Variables:
JAVA_HOME=C:\Program Files\Java\jdk-12.0.1\bin\java.exe
PATH=C:\Program Files\Mozilla Firefox;C:\WINDOWS\system32;C:\WINDOWS;C:\WINDOWS\System32\Wbem;C:\WINDOWS\System32\WindowsPowerShell\v1.0\;C:\WINDOWS\System32\OpenSSH\;C:\Program Files\dotnet\;C:\Program Files (x86)\Windows Kits\10\Windows Performance Toolkit\;C:\Users\Dwayne Ewens\AppData\Local\Microsoft\WindowsApps;;C:\Users\Dwayne Ewens\AppData\Local\Programs\Microsoft VS Code\bin
USERNAME=Dwayne Ewens
OS=Windows_NT
PROCESSOR_IDENTIFIER=Intel64 Family 6 Model 142 Stepping 10, GenuineIntel



---------------  S Y S T E M  ---------------

OS: Windows 10 , 64 bit Build 18890 (10.0.18890.1000)

CPU:total 8 (initial active 8) (4 cores per cpu, 2 threads per core) family 6 model 142 stepping 10, cmov, cx8, fxsr, mmx, sse, sse2, sse3, ssse3, sse4.1, sse4.2, popcnt, avx, avx2, aes, clmul, erms, rtm, 3dnowpref, lzcnt, ht, tsc, tscinvbit, bmi1, bmi2, adx, fma

Memory: 4k page, system-wide physical 8117M (576M free)
TotalPageFile size 10027M (AvailPageFile size 5M)
current process WorkingSet (physical memory assigned to process): 373M, peak: 373M
current process commit charge ("private bytes"): 504M, peak: 505M

vm_info: Java HotSpot(TM) 64-Bit Server VM (12.0.1+12) for windows-amd64 JRE (12.0.1+12), built on Apr  2 2019 14:02:19 by "mach5one" with MS VC++ 15.5 (VS2017)

END.
